  INFO [# 1001] : 'read_liberty' finished on 2/15/2022 at 01:53:32 ; self time (s): user 0  sys 0  real 0 ; total time (s): user 1  sys 0  real 14 ; memory (MB): curr 43  prog-peak 49
  INFO [# 1001] : 'read_liberty' finished on 2/15/2022 at 01:53:32 ; self time (s): user 0  sys 0  real 0 ; total time (s): user 1  sys 0  real 14 ; memory (MB): curr 43  prog-peak 50
  INFO [# 1001] : 'read_liberty' finished on 2/15/2022 at 01:53:32 ; self time (s): user 0  sys 0  real 0 ; total time (s): user 1  sys 0  real 14 ; memory (MB): curr 43  prog-peak 50
  INFO [# 1001] : 'read_liberty' finished on 2/15/2022 at 01:53:32 ; self time (s): user 0  sys 0  real 0 ; total time (s): user 1  sys 0  real 14 ; memory (MB): curr 43  prog-peak 50
  INFO [# 1001] : 'read_liberty' finished on 2/15/2022 at 01:53:32 ; self time (s): user 0  sys 0  real 0 ; total time (s): user 1  sys 0  real 14 ; memory (MB): curr 45  prog-peak 89
  INFO [# 1001] : 'read_liberty' finished on 2/15/2022 at 01:53:32 ; self time (s): user 0  sys 0  real 0 ; total time (s): user 1  sys 0  real 14 ; memory (MB): curr 46  prog-peak 89
  INFO [# 1001] : 'read_liberty' finished on 2/15/2022 at 01:53:32 ; self time (s): user 0  sys 0  real 0 ; total time (s): user 1  sys 0  real 14 ; memory (MB): curr 46  prog-peak 89
  INFO [# 1001] : 'read_liberty' finished on 2/15/2022 at 01:53:32 ; self time (s): user 0  sys 0  real 0 ; total time (s): user 2  sys 0  real 14 ; memory (MB): curr 50  prog-peak 133
  INFO [# 1001] : 'read_liberty' finished on 2/15/2022 at 01:53:32 ; self time (s): user 0  sys 0  real 0 ; total time (s): user 2  sys 0  real 14 ; memory (MB): curr 50  prog-peak 133
  INFO [# 1001] : 'read_liberty' finished on 2/15/2022 at 01:53:33 ; self time (s): user 0  sys 0  real 1 ; total time (s): user 2  sys 0  real 15 ; memory (MB): curr 50  prog-peak 133
  INFO [# 1001] : 'read_liberty' finished on 2/15/2022 at 01:53:33 ; self time (s): user 0  sys 0  real 0 ; total time (s): user 2  sys 0  real 15 ; memory (MB): curr 52  prog-peak 133
  INFO [# 1001] : 'read_liberty' finished on 2/15/2022 at 01:53:33 ; self time (s): user 0  sys 0  real 0 ; total time (s): user 2  sys 0  real 15 ; memory (MB): curr 53  prog-peak 133
  INFO [# 1001] : 'read_liberty' finished on 2/15/2022 at 01:53:33 ; self time (s): user 0  sys 0  real 0 ; total time (s): user 2  sys 0  real 15 ; memory (MB): curr 53  prog-peak 133
  INFO [# 1001] : 'read_liberty' finished on 2/15/2022 at 01:53:33 ; self time (s): user 0  sys 0  real 0 ; total time (s): user 2  sys 0  real 15 ; memory (MB): curr 53  prog-peak 133
  INFO [# 1001] : 'read_liberty' finished on 2/15/2022 at 01:53:33 ; self time (s): user 0  sys 0  real 0 ; total time (s): user 2  sys 1  real 15 ; memory (MB): curr 55  prog-peak 133
  INFO [# 1001] : 'read_liberty' finished on 2/15/2022 at 01:53:34 ; self time (s): user 1  sys 0  real 1 ; total time (s): user 3  sys 1  real 16 ; memory (MB): curr 64  prog-peak 250
  INFO [# 1001] : 'read_liberty' finished on 2/15/2022 at 01:53:34 ; self time (s): user 0  sys 0  real 0 ; total time (s): user 3  sys 1  real 16 ; memory (MB): curr 66  prog-peak 250
  INFO [# 1001] : 'read_liberty' finished on 2/15/2022 at 01:53:35 ; self time (s): user 0  sys 0  real 1 ; total time (s): user 3  sys 1  real 17 ; memory (MB): curr 66  prog-peak 250
  INFO [# 1001] : 'read_liberty' finished on 2/15/2022 at 01:53:35 ; self time (s): user 1  sys 0  real 0 ; total time (s): user 4  sys 1  real 17 ; memory (MB): curr 72  prog-peak 250
  INFO [# 1001] : 'read_liberty' finished on 2/15/2022 at 01:53:35 ; self time (s): user 0  sys 0  real 0 ; total time (s): user 4  sys 1  real 17 ; memory (MB): curr 74  prog-peak 250
  INFO [# 1001] : 'read_liberty' finished on 2/15/2022 at 01:53:37 ; self time (s): user 1  sys 0  real 2 ; total time (s): user 5  sys 1  real 19 ; memory (MB): curr 93  prog-peak 250
  INFO [# 1001] : 'read_liberty' finished on 2/15/2022 at 01:53:37 ; self time (s): user 0  sys 0  real 0 ; total time (s): user 5  sys 1  real 19 ; memory (MB): curr 94  prog-peak 250
  INFO [# 1001] : 'read_liberty' finished on 2/15/2022 at 01:53:37 ; self time (s): user 0  sys 0  real 0 ; total time (s): user 5  sys 1  real 19 ; memory (MB): curr 94  prog-peak 250
  INFO [# 1001] : 'read_liberty' finished on 2/15/2022 at 01:53:37 ; self time (s): user 0  sys 0  real 0 ; total time (s): user 6  sys 1  real 19 ; memory (MB): curr 98  prog-peak 250
  INFO [# 1001] : 'read_liberty' finished on 2/15/2022 at 01:53:37 ; self time (s): user 0  sys 0  real 0 ; total time (s): user 6  sys 1  real 19 ; memory (MB): curr 98  prog-peak 250
  INFO [# 1001] : 'read_liberty' finished on 2/15/2022 at 01:53:37 ; self time (s): user 0  sys 0  real 0 ; total time (s): user 6  sys 1  real 19 ; memory (MB): curr 98  prog-peak 250
  INFO [# 1001] : 'read_liberty' finished on 2/15/2022 at 01:53:37 ; self time (s): user 0  sys 0  real 0 ; total time (s): user 6  sys 1  real 19 ; memory (MB): curr 98  prog-peak 250
  INFO [# 1001] : 'read_liberty' finished on 2/15/2022 at 01:53:37 ; self time (s): user 0  sys 0  real 0 ; total time (s): user 6  sys 1  real 19 ; memory (MB): curr 98  prog-peak 250
  INFO [# 1001] : 'read_liberty' finished on 2/15/2022 at 01:53:37 ; self time (s): user 0  sys 0  real 0 ; total time (s): user 6  sys 1  real 19 ; memory (MB): curr 98  prog-peak 250
  INFO [# 1001] : 'read_liberty' finished on 2/15/2022 at 01:53:37 ; self time (s): user 0  sys 0  real 0 ; total time (s): user 6  sys 1  real 19 ; memory (MB): curr 98  prog-peak 250
  INFO [# 1001] : 'read_liberty' finished on 2/15/2022 at 01:53:37 ; self time (s): user 0  sys 0  real 0 ; total time (s): user 6  sys 1  real 19 ; memory (MB): curr 98  prog-peak 250
  INFO [# 1001] : 'read_liberty' finished on 2/15/2022 at 01:53:37 ; self time (s): user 0  sys 0  real 0 ; total time (s): user 6  sys 1  real 19 ; memory (MB): curr 98  prog-peak 250
  INFO [# 1001] : 'read_liberty' finished on 2/15/2022 at 01:53:37 ; self time (s): user 0  sys 0  real 0 ; total time (s): user 6  sys 1  real 19 ; memory (MB): curr 99  prog-peak 250
  INFO [# 1001] : 'read_liberty' finished on 2/15/2022 at 01:53:37 ; self time (s): user 0  sys 0  real 0 ; total time (s): user 6  sys 1  real 19 ; memory (MB): curr 99  prog-peak 250
  INFO [# 1001] : 'read_liberty' finished on 2/15/2022 at 01:53:37 ; self time (s): user 0  sys 0  real 0 ; total time (s): user 6  sys 1  real 19 ; memory (MB): curr 101  prog-peak 250
  INFO [# 1001] : 'read_liberty' finished on 2/15/2022 at 01:53:37 ; self time (s): user 0  sys 0  real 0 ; total time (s): user 6  sys 1  real 19 ; memory (MB): curr 101  prog-peak 250
  INFO [# 1001] : 'read_liberty' finished on 2/15/2022 at 01:53:37 ; self time (s): user 0  sys 0  real 0 ; total time (s): user 6  sys 1  real 19 ; memory (MB): curr 101  prog-peak 250
  INFO [# 1001] : 'read_liberty' finished on 2/15/2022 at 01:53:37 ; self time (s): user 0  sys 0  real 0 ; total time (s): user 6  sys 1  real 19 ; memory (MB): curr 102  prog-peak 250
  INFO [# 1001] : 'read_liberty' finished on 2/15/2022 at 01:53:38 ; self time (s): user 0  sys 0  real 1 ; total time (s): user 6  sys 1  real 20 ; memory (MB): curr 103  prog-peak 250
  INFO [# 1001] : 'read_liberty' finished on 2/15/2022 at 01:53:51 ; self time (s): user 14  sys 2  real 13 ; total time (s): user 20  sys 3  real 33 ; memory (MB): curr 203  prog-peak 1256
  INFO [# 1001] : 'read_liberty' finished on 2/15/2022 at 01:53:51 ; self time (s): user 0  sys 0  real 0 ; total time (s): user 20  sys 3  real 33 ; memory (MB): curr 202  prog-peak 1256
  INFO [# 1001] : 'read_liberty' finished on 2/15/2022 at 01:53:51 ; self time (s): user 0  sys 0  real 0 ; total time (s): user 20  sys 3  real 33 ; memory (MB): curr 202  prog-peak 1256
  INFO [# 1001] : 'read_liberty' finished on 2/15/2022 at 01:53:51 ; self time (s): user 0  sys 0  real 0 ; total time (s): user 20  sys 3  real 33 ; memory (MB): curr 202  prog-peak 1256
  INFO [# 1001] : 'read_liberty' finished on 2/15/2022 at 01:53:51 ; self time (s): user 0  sys 0  real 0 ; total time (s): user 20  sys 3  real 33 ; memory (MB): curr 202  prog-peak 1256
  INFO [# 1001] : 'read_liberty' finished on 2/15/2022 at 01:53:51 ; self time (s): user 0  sys 0  real 0 ; total time (s): user 20  sys 3  real 33 ; memory (MB): curr 203  prog-peak 1256
  INFO [# 1001] : 'read_liberty' finished on 2/15/2022 at 01:53:51 ; self time (s): user 0  sys 0  real 0 ; total time (s): user 20  sys 3  real 33 ; memory (MB): curr 203  prog-peak 1256
  INFO [# 1001] : 'read_liberty' finished on 2/15/2022 at 01:53:51 ; self time (s): user 0  sys 0  real 0 ; total time (s): user 20  sys 3  real 33 ; memory (MB): curr 203  prog-peak 1256
  INFO [# 1001] : 'read_liberty' finished on 2/15/2022 at 01:53:51 ; self time (s): user 0  sys 0  real 0 ; total time (s): user 20  sys 3  real 33 ; memory (MB): curr 203  prog-peak 1256
  INFO [# 1001] : 'read_liberty' finished on 2/15/2022 at 01:53:51 ; self time (s): user 0  sys 0  real 0 ; total time (s): user 20  sys 3  real 33 ; memory (MB): curr 203  prog-peak 1256
  INFO [# 1001] : 'read_liberty' finished on 2/15/2022 at 01:53:51 ; self time (s): user 0  sys 0  real 0 ; total time (s): user 20  sys 3  real 33 ; memory (MB): curr 203  prog-peak 1256
  INFO [# 1001] : 'read_liberty' finished on 2/15/2022 at 01:53:51 ; self time (s): user 0  sys 0  real 0 ; total time (s): user 20  sys 3  real 33 ; memory (MB): curr 203  prog-peak 1256
  INFO [# 1001] : 'read_liberty' finished on 2/15/2022 at 01:53:51 ; self time (s): user 0  sys 0  real 0 ; total time (s): user 20  sys 3  real 33 ; memory (MB): curr 203  prog-peak 1256
  INFO [# 1001] : 'read_liberty' finished on 2/15/2022 at 01:53:51 ; self time (s): user 0  sys 0  real 0 ; total time (s): user 20  sys 3  real 33 ; memory (MB): curr 204  prog-peak 1256
  INFO [# 1001] : 'read_liberty' finished on 2/15/2022 at 01:53:51 ; self time (s): user 0  sys 0  real 0 ; total time (s): user 20  sys 3  real 33 ; memory (MB): curr 204  prog-peak 1256
  INFO [# 1001] : 'read_liberty' finished on 2/15/2022 at 01:53:51 ; self time (s): user 0  sys 0  real 0 ; total time (s): user 20  sys 3  real 33 ; memory (MB): curr 204  prog-peak 1256
  INFO [# 1001] : 'read_liberty' finished on 2/15/2022 at 01:53:51 ; self time (s): user 0  sys 0  real 0 ; total time (s): user 20  sys 3  real 33 ; memory (MB): curr 204  prog-peak 1256
  INFO [# 1001] : 'read_liberty' finished on 2/15/2022 at 01:53:51 ; self time (s): user 0  sys 0  real 0 ; total time (s): user 20  sys 3  real 33 ; memory (MB): curr 204  prog-peak 1256
  INFO [# 1001] : 'read_liberty' finished on 2/15/2022 at 01:53:51 ; self time (s): user 0  sys 0  real 0 ; total time (s): user 20  sys 3  real 33 ; memory (MB): curr 204  prog-peak 1256
  INFO [# 1001] : 'read_liberty' finished on 2/15/2022 at 01:53:51 ; self time (s): user 0  sys 0  real 0 ; total time (s): user 20  sys 3  real 33 ; memory (MB): curr 204  prog-peak 1256
  INFO [# 1001] : 'read_liberty' finished on 2/15/2022 at 01:53:52 ; self time (s): user 0  sys 0  real 1 ; total time (s): user 20  sys 4  real 34 ; memory (MB): curr 204  prog-peak 1256
  INFO [# 1001] : 'read_liberty' finished on 2/15/2022 at 01:53:52 ; self time (s): user 0  sys 0  real 0 ; total time (s): user 20  sys 4  real 34 ; memory (MB): curr 204  prog-peak 1256
  INFO [# 1001] : 'read_liberty' finished on 2/15/2022 at 01:53:52 ; self time (s): user 0  sys 0  real 0 ; total time (s): user 21  sys 4  real 34 ; memory (MB): curr 204  prog-peak 1256
  INFO [# 1001] : 'read_liberty' finished on 2/15/2022 at 01:53:52 ; self time (s): user 0  sys 0  real 0 ; total time (s): user 21  sys 4  real 34 ; memory (MB): curr 204  prog-peak 1256
  INFO [# 1001] : 'read_liberty' finished on 2/15/2022 at 01:53:52 ; self time (s): user 0  sys 0  real 0 ; total time (s): user 21  sys 4  real 34 ; memory (MB): curr 204  prog-peak 1256
  INFO [# 1001] : 'read_liberty' finished on 2/15/2022 at 01:53:52 ; self time (s): user 0  sys 0  real 0 ; total time (s): user 21  sys 4  real 34 ; memory (MB): curr 205  prog-peak 1256
  INFO [# 1001] : 'read_liberty' finished on 2/15/2022 at 01:53:52 ; self time (s): user 0  sys 0  real 0 ; total time (s): user 21  sys 4  real 34 ; memory (MB): curr 205  prog-peak 1256
  INFO [# 1001] : 'read_liberty' finished on 2/15/2022 at 01:53:52 ; self time (s): user 0  sys 0  real 0 ; total time (s): user 21  sys 4  real 34 ; memory (MB): curr 205  prog-peak 1256
  INFO [# 1001] : 'read_liberty' finished on 2/15/2022 at 01:53:52 ; self time (s): user 0  sys 0  real 0 ; total time (s): user 21  sys 4  real 34 ; memory (MB): curr 205  prog-peak 1256
  INFO [# 1001] : 'read_liberty' finished on 2/15/2022 at 01:53:52 ; self time (s): user 0  sys 0  real 0 ; total time (s): user 21  sys 4  real 34 ; memory (MB): curr 205  prog-peak 1256
  INFO [# 1001] : 'read_liberty' finished on 2/15/2022 at 01:53:52 ; self time (s): user 0  sys 0  real 0 ; total time (s): user 21  sys 4  real 34 ; memory (MB): curr 205  prog-peak 1256
  INFO [# 1001] : 'read_liberty' finished on 2/15/2022 at 01:53:52 ; self time (s): user 0  sys 0  real 0 ; total time (s): user 21  sys 4  real 34 ; memory (MB): curr 205  prog-peak 1256
  INFO [# 1001] : 'read_liberty' finished on 2/15/2022 at 01:53:52 ; self time (s): user 0  sys 0  real 0 ; total time (s): user 21  sys 4  real 34 ; memory (MB): curr 205  prog-peak 1256
  INFO [# 1001] : 'read_liberty' finished on 2/15/2022 at 01:53:52 ; self time (s): user 0  sys 0  real 0 ; total time (s): user 21  sys 4  real 34 ; memory (MB): curr 205  prog-peak 1256
  INFO [# 1001] : 'read_liberty' finished on 2/15/2022 at 01:53:52 ; self time (s): user 0  sys 0  real 0 ; total time (s): user 21  sys 4  real 34 ; memory (MB): curr 205  prog-peak 1256
  INFO [# 1001] : 'read_liberty' finished on 2/15/2022 at 01:53:52 ; self time (s): user 0  sys 0  real 0 ; total time (s): user 21  sys 4  real 34 ; memory (MB): curr 205  prog-peak 1256
  INFO [# 1001] : 'analyze' finished on 2/15/2022 at 02:28:14 ; self time (s): user 388  sys 366  real 2062 ; total time (s): user 408  sys 370  real 2096 ; memory (MB): curr 8459  prog-peak 8466
  INFO [# 1001] : 'elaborate' finished on 2/15/2022 at 02:52:47 ; self time (s): user 1319  sys 127  real 1473 ; total time (s): user 1727  sys 497  real 3569 ; memory (MB): curr 27642  prog-peak 42429
  INFO [# 1001] : Initializing the design on 2/15/2022 at 02:52:47 ; self time (s): user 0  sys 0  real 0 ; total time (s): user 1727  sys 497  real 3569 ; memory (MB): curr 27642  prog-peak 42429
  INFO [# 1001] : FMN: 40227660 on 2/15/2022 at 03:03:51 ; self time (s): user 0  sys 0  real 0 ; total time (s): user 2347  sys 539  real 4233 ; memory (MB): curr 33380  prog-peak 43982
  INFO [# 1001] : Design is initialized on 2/15/2022 at 03:03:51 ; self time (s): user 620  sys 42  real 664 ; total time (s): user 2347  sys 539  real 4233 ; memory (MB): curr 33380  prog-peak 43982
  INFO [# 1001] : Read ConfigDB from disk finished on 2/15/2022 at 03:05:13 ; self time (s): user 0  sys 0  real 0 ; total time (s): user 2419  sys 549  real 4315 ; memory (MB): curr 36728  prog-peak 43982
  INFO [# 1001] : 'read_rdc_db' finished on 2/15/2022 at 03:05:13 ; self time (s): user 15  sys 4  real 18 ; total time (s): user 2419  sys 549  real 4315 ; memory (MB): curr 36728  prog-peak 43982
  INFO [# 1001] : Read ConfigDB from disk finished on 2/15/2022 at 03:05:24 ; self time (s): user 0  sys 0  real 0 ; total time (s): user 2425  sys 554  real 4326 ; memory (MB): curr 37871  prog-peak 43982
  INFO [# 1001] : 'read_rdc_db' finished on 2/15/2022 at 03:05:24 ; self time (s): user 5  sys 1  real 6 ; total time (s): user 2425  sys 554  real 4326 ; memory (MB): curr 37871  prog-peak 43982
  INFO [# 1001] : Read ConfigDB from disk finished on 2/15/2022 at 03:05:34 ; self time (s): user 0  sys 0  real 0 ; total time (s): user 2429  sys 559  real 4336 ; memory (MB): curr 38663  prog-peak 43982
  INFO [# 1001] : 'read_rdc_db' finished on 2/15/2022 at 03:05:34 ; self time (s): user 4  sys 1  real 5 ; total time (s): user 2429  sys 559  real 4336 ; memory (MB): curr 38663  prog-peak 43982
  INFO [# 1001] : Read ConfigDB from disk finished on 2/15/2022 at 03:05:45 ; self time (s): user 0  sys 0  real 0 ; total time (s): user 2434  sys 564  real 4347 ; memory (MB): curr 39958  prog-peak 43982
  INFO [# 1001] : 'read_rdc_db' finished on 2/15/2022 at 03:05:45 ; self time (s): user 5  sys 1  real 6 ; total time (s): user 2434  sys 564  real 4347 ; memory (MB): curr 39958  prog-peak 43982
  INFO [# 1001] : Read ConfigDB from disk finished on 2/15/2022 at 03:06:04 ; self time (s): user 0  sys 0  real 0 ; total time (s): user 2445  sys 571  real 4366 ; memory (MB): curr 43141  prog-peak 43982
  INFO [# 1001] : 'read_rdc_db' finished on 2/15/2022 at 03:06:04 ; self time (s): user 10  sys 3  real 14 ; total time (s): user 2445  sys 571  real 4366 ; memory (MB): curr 43141  prog-peak 43982
  INFO [# 1001] : Read ConfigDB from disk finished on 2/15/2022 at 03:06:17 ; self time (s): user 0  sys 0  real 0 ; total time (s): user 2452  sys 577  real 4379 ; memory (MB): curr 44662  prog-peak 44802
  INFO [# 1001] : 'read_rdc_db' finished on 2/15/2022 at 03:06:17 ; self time (s): user 6  sys 1  real 7 ; total time (s): user 2452  sys 577  real 4379 ; memory (MB): curr 44662  prog-peak 44802
  INFO [# 1001] : Read ConfigDB from disk finished on 2/15/2022 at 03:06:33 ; self time (s): user 0  sys 0  real 0 ; total time (s): user 2461  sys 583  real 4395 ; memory (MB): curr 46619  prog-peak 46737
  INFO [# 1001] : 'read_rdc_db' finished on 2/15/2022 at 03:06:33 ; self time (s): user 9  sys 2  real 11 ; total time (s): user 2461  sys 583  real 4395 ; memory (MB): curr 46620  prog-peak 46737
  INFO [# 1001] : Read ConfigDB from disk finished on 2/15/2022 at 03:06:46 ; self time (s): user 0  sys 0  real 0 ; total time (s): user 2468  sys 589  real 4408 ; memory (MB): curr 48102  prog-peak 48217
  INFO [# 1001] : 'read_rdc_db' finished on 2/15/2022 at 03:06:46 ; self time (s): user 7  sys 1  real 8 ; total time (s): user 2468  sys 589  real 4408 ; memory (MB): curr 48102  prog-peak 48217
  INFO [# 1001] : Read ConfigDB from disk finished on 2/15/2022 at 03:07:04 ; self time (s): user 0  sys 0  real 0 ; total time (s): user 2478  sys 596  real 4426 ; memory (MB): curr 50054  prog-peak 50219
  INFO [# 1001] : 'read_rdc_db' finished on 2/15/2022 at 03:07:04 ; self time (s): user 10  sys 2  real 12 ; total time (s): user 2478  sys 596  real 4426 ; memory (MB): curr 50054  prog-peak 50219
  INFO [# 1001] : Read ConfigDB from disk finished on 2/15/2022 at 03:07:16 ; self time (s): user 0  sys 0  real 0 ; total time (s): user 2484  sys 603  real 4438 ; memory (MB): curr 51123  prog-peak 51171
  INFO [# 1001] : 'read_rdc_db' finished on 2/15/2022 at 03:07:16 ; self time (s): user 5  sys 1  real 5 ; total time (s): user 2484  sys 603  real 4438 ; memory (MB): curr 51123  prog-peak 51171
  INFO [# 1001] : Read ConfigDB from disk finished on 2/15/2022 at 03:07:33 ; self time (s): user 0  sys 0  real 0 ; total time (s): user 2493  sys 609  real 4455 ; memory (MB): curr 52925  prog-peak 52931
  INFO [# 1001] : 'read_rdc_db' finished on 2/15/2022 at 03:07:33 ; self time (s): user 9  sys 1  real 11 ; total time (s): user 2493  sys 609  real 4455 ; memory (MB): curr 52925  prog-peak 52931
  INFO [# 1001] : Read ConfigDB from disk finished on 2/15/2022 at 03:07:48 ; self time (s): user 0  sys 0  real 0 ; total time (s): user 2500  sys 615  real 4470 ; memory (MB): curr 54577  prog-peak 54605
  INFO [# 1001] : 'read_rdc_db' finished on 2/15/2022 at 03:07:48 ; self time (s): user 7  sys 1  real 10 ; total time (s): user 2500  sys 615  real 4470 ; memory (MB): curr 54577  prog-peak 54605
  INFO [# 1001] : Read ConfigDB from disk finished on 2/15/2022 at 03:08:00 ; self time (s): user 0  sys 0  real 0 ; total time (s): user 2505  sys 621  real 4482 ; memory (MB): curr 55495  prog-peak 55496
  INFO [# 1001] : 'read_rdc_db' finished on 2/15/2022 at 03:08:00 ; self time (s): user 5  sys 1  real 7 ; total time (s): user 2505  sys 621  real 4482 ; memory (MB): curr 55495  prog-peak 55496
  INFO [# 1001] : Read ConfigDB from disk finished on 2/15/2022 at 03:08:09 ; self time (s): user 0  sys 0  real 0 ; total time (s): user 2509  sys 627  real 4491 ; memory (MB): curr 56159  prog-peak 56175
  INFO [# 1001] : 'read_rdc_db' finished on 2/15/2022 at 03:08:09 ; self time (s): user 3  sys 1  real 4 ; total time (s): user 2509  sys 627  real 4491 ; memory (MB): curr 56159  prog-peak 56175
  INFO [# 1001] : Read ConfigDB from disk finished on 2/15/2022 at 03:08:19 ; self time (s): user 0  sys 0  real 0 ; total time (s): user 2512  sys 632  real 4501 ; memory (MB): curr 56881  prog-peak 56901
  INFO [# 1001] : 'read_rdc_db' finished on 2/15/2022 at 03:08:19 ; self time (s): user 3  sys 1  real 5 ; total time (s): user 2512  sys 632  real 4501 ; memory (MB): curr 56881  prog-peak 56901
  INFO [# 1001] : Read ConfigDB from disk finished on 2/15/2022 at 03:08:30 ; self time (s): user 0  sys 0  real 0 ; total time (s): user 2516  sys 638  real 4512 ; memory (MB): curr 57698  prog-peak 57698
  INFO [# 1001] : 'read_rdc_db' finished on 2/15/2022 at 03:08:30 ; self time (s): user 4  sys 1  real 5 ; total time (s): user 2516  sys 638  real 4512 ; memory (MB): curr 57698  prog-peak 57698
  INFO [# 1001] : Read ConfigDB from disk finished on 2/15/2022 at 03:08:37 ; self time (s): user 0  sys 0  real 0 ; total time (s): user 2517  sys 644  real 4519 ; memory (MB): curr 57817  prog-peak 57817
  INFO [# 1001] : 'read_rdc_db' finished on 2/15/2022 at 03:08:37 ; self time (s): user 1  sys 0  real 1 ; total time (s): user 2517  sys 644  real 4519 ; memory (MB): curr 57817  prog-peak 57817
  INFO [# 1001] : Read ConfigDB from disk finished on 2/15/2022 at 03:08:43 ; self time (s): user 0  sys 0  real 0 ; total time (s): user 2518  sys 649  real 4525 ; memory (MB): curr 57831  prog-peak 57831
  INFO [# 1001] : 'read_rdc_db' finished on 2/15/2022 at 03:08:43 ; self time (s): user 0  sys 0  real 0 ; total time (s): user 2518  sys 649  real 4525 ; memory (MB): curr 57831  prog-peak 57831
  INFO [# 1001] : Read ConfigDB from disk finished on 2/15/2022 at 03:08:49 ; self time (s): user 0  sys 0  real 0 ; total time (s): user 2519  sys 654  real 4531 ; memory (MB): curr 57838  prog-peak 57838
  INFO [# 1001] : 'read_rdc_db' finished on 2/15/2022 at 03:08:49 ; self time (s): user 0  sys 0  real 0 ; total time (s): user 2519  sys 654  real 4531 ; memory (MB): curr 57839  prog-peak 57839
  INFO [# 1001] : Read ConfigDB from disk finished on 2/15/2022 at 03:08:58 ; self time (s): user 0  sys 0  real 0 ; total time (s): user 2521  sys 659  real 4540 ; memory (MB): curr 58143  prog-peak 58143
  INFO [# 1001] : 'read_rdc_db' finished on 2/15/2022 at 03:08:58 ; self time (s): user 1  sys 0  real 3 ; total time (s): user 2521  sys 659  real 4540 ; memory (MB): curr 58143  prog-peak 58143
  INFO [# 1001] : Read ConfigDB from disk finished on 2/15/2022 at 03:09:07 ; self time (s): user 0  sys 0  real 0 ; total time (s): user 2523  sys 666  real 4549 ; memory (MB): curr 58696  prog-peak 58697
  INFO [# 1001] : 'read_rdc_db' finished on 2/15/2022 at 03:09:07 ; self time (s): user 2  sys 1  real 3 ; total time (s): user 2523  sys 666  real 4549 ; memory (MB): curr 58696  prog-peak 58697
  INFO [# 1001] : Read ConfigDB from disk finished on 2/15/2022 at 03:09:17 ; self time (s): user 0  sys 0  real 0 ; total time (s): user 2527  sys 672  real 4559 ; memory (MB): curr 59483  prog-peak 59483
  INFO [# 1001] : 'read_rdc_db' finished on 2/15/2022 at 03:09:17 ; self time (s): user 3  sys 1  real 4 ; total time (s): user 2527  sys 672  real 4559 ; memory (MB): curr 59483  prog-peak 59483
  INFO [# 1001] : Read ConfigDB from disk finished on 2/15/2022 at 03:09:28 ; self time (s): user 0  sys 0  real 0 ; total time (s): user 2530  sys 678  real 4570 ; memory (MB): curr 60221  prog-peak 60221
  INFO [# 1001] : 'read_rdc_db' finished on 2/15/2022 at 03:09:28 ; self time (s): user 3  sys 1  real 4 ; total time (s): user 2530  sys 678  real 4570 ; memory (MB): curr 60221  prog-peak 60221
  INFO [# 1001] : Read ConfigDB from disk finished on 2/15/2022 at 03:09:35 ; self time (s): user 0  sys 0  real 0 ; total time (s): user 2531  sys 684  real 4577 ; memory (MB): curr 60387  prog-peak 60387
  INFO [# 1001] : 'read_rdc_db' finished on 2/15/2022 at 03:09:35 ; self time (s): user 1  sys 0  real 0 ; total time (s): user 2531  sys 684  real 4577 ; memory (MB): curr 60387  prog-peak 60387
  INFO [# 1001] : Read ConfigDB from disk finished on 2/15/2022 at 03:09:44 ; self time (s): user 0  sys 0  real 0 ; total time (s): user 2534  sys 689  real 4586 ; memory (MB): curr 60911  prog-peak 60912
  INFO [# 1001] : 'read_rdc_db' finished on 2/15/2022 at 03:09:44 ; self time (s): user 2  sys 0  real 3 ; total time (s): user 2534  sys 689  real 4586 ; memory (MB): curr 60911  prog-peak 60912
  INFO [# 1001] : Read ConfigDB from disk finished on 2/15/2022 at 03:09:54 ; self time (s): user 0  sys 0  real 0 ; total time (s): user 2537  sys 695  real 4596 ; memory (MB): curr 61686  prog-peak 61687
  INFO [# 1001] : 'read_rdc_db' finished on 2/15/2022 at 03:09:54 ; self time (s): user 3  sys 1  real 5 ; total time (s): user 2537  sys 695  real 4596 ; memory (MB): curr 61686  prog-peak 61687
  INFO [# 1001] : Read ConfigDB from disk finished on 2/15/2022 at 03:10:05 ; self time (s): user 0  sys 0  real 0 ; total time (s): user 2541  sys 701  real 4607 ; memory (MB): curr 62824  prog-peak 62824
  INFO [# 1001] : 'read_rdc_db' finished on 2/15/2022 at 03:10:05 ; self time (s): user 4  sys 1  real 5 ; total time (s): user 2541  sys 701  real 4607 ; memory (MB): curr 62824  prog-peak 62824
  INFO [# 1001] : Read ConfigDB from disk finished on 2/15/2022 at 03:10:17 ; self time (s): user 0  sys 0  real 0 ; total time (s): user 2547  sys 707  real 4619 ; memory (MB): curr 64303  prog-peak 64303
  INFO [# 1001] : 'read_rdc_db' finished on 2/15/2022 at 03:10:17 ; self time (s): user 5  sys 1  real 6 ; total time (s): user 2547  sys 707  real 4619 ; memory (MB): curr 64303  prog-peak 64303
  INFO [# 1001] : Read ConfigDB from disk finished on 2/15/2022 at 03:10:31 ; self time (s): user 0  sys 0  real 0 ; total time (s): user 2551  sys 714  real 4633 ; memory (MB): curr 65250  prog-peak 65291
  INFO [# 1001] : 'read_rdc_db' finished on 2/15/2022 at 03:10:31 ; self time (s): user 4  sys 1  real 8 ; total time (s): user 2551  sys 714  real 4633 ; memory (MB): curr 65250  prog-peak 65291
  INFO [# 1001] : Read ConfigDB from disk finished on 2/15/2022 at 03:10:42 ; self time (s): user 0  sys 0  real 0 ; total time (s): user 2555  sys 721  real 4644 ; memory (MB): curr 66283  prog-peak 66283
  INFO [# 1001] : 'read_rdc_db' finished on 2/15/2022 at 03:10:42 ; self time (s): user 4  sys 1  real 4 ; total time (s): user 2555  sys 721  real 4644 ; memory (MB): curr 66284  prog-peak 66284
  INFO [# 1001] : Read ConfigDB from disk finished on 2/15/2022 at 03:10:52 ; self time (s): user 0  sys 0  real 0 ; total time (s): user 2558  sys 727  real 4654 ; memory (MB): curr 67021  prog-peak 67021
  INFO [# 1001] : 'read_rdc_db' finished on 2/15/2022 at 03:10:52 ; self time (s): user 3  sys 1  real 3 ; total time (s): user 2558  sys 727  real 4654 ; memory (MB): curr 67021  prog-peak 67021
  INFO [# 1001] : Read ConfigDB from disk finished on 2/15/2022 at 03:11:03 ; self time (s): user 0  sys 0  real 0 ; total time (s): user 2561  sys 734  real 4665 ; memory (MB): curr 67760  prog-peak 67761
  INFO [# 1001] : 'read_rdc_db' finished on 2/15/2022 at 03:11:03 ; self time (s): user 3  sys 1  real 3 ; total time (s): user 2561  sys 734  real 4665 ; memory (MB): curr 67760  prog-peak 67761
  INFO [# 1001] : Read ConfigDB from disk finished on 2/15/2022 at 03:11:13 ; self time (s): user 0  sys 0  real 0 ; total time (s): user 2564  sys 741  real 4675 ; memory (MB): curr 68597  prog-peak 68598
  INFO [# 1001] : 'read_rdc_db' finished on 2/15/2022 at 03:11:13 ; self time (s): user 3  sys 1  real 3 ; total time (s): user 2564  sys 741  real 4675 ; memory (MB): curr 68597  prog-peak 68598
  INFO [# 1001] : Read ConfigDB from disk finished on 2/15/2022 at 03:11:21 ; self time (s): user 0  sys 0  real 0 ; total time (s): user 2566  sys 747  real 4683 ; memory (MB): curr 68908  prog-peak 68908
  INFO [# 1001] : 'read_rdc_db' finished on 2/15/2022 at 03:11:21 ; self time (s): user 1  sys 0  real 2 ; total time (s): user 2566  sys 747  real 4683 ; memory (MB): curr 68908  prog-peak 68908
  INFO [# 1001] : Read ConfigDB from disk finished on 2/15/2022 at 03:11:33 ; self time (s): user 0  sys 0  real 0 ; total time (s): user 2568  sys 753  real 4695 ; memory (MB): curr 69469  prog-peak 69470
  INFO [# 1001] : 'read_rdc_db' finished on 2/15/2022 at 03:11:33 ; self time (s): user 2  sys 1  real 6 ; total time (s): user 2568  sys 753  real 4695 ; memory (MB): curr 69469  prog-peak 69470
  INFO [# 1001] : Read ConfigDB from disk finished on 2/15/2022 at 03:11:45 ; self time (s): user 0  sys 0  real 0 ; total time (s): user 2573  sys 760  real 4707 ; memory (MB): curr 70308  prog-peak 70311
  INFO [# 1001] : 'read_rdc_db' finished on 2/15/2022 at 03:11:45 ; self time (s): user 4  sys 1  real 6 ; total time (s): user 2573  sys 760  real 4707 ; memory (MB): curr 70308  prog-peak 70311
  INFO [# 1001] : Read ConfigDB from disk finished on 2/15/2022 at 03:11:51 ; self time (s): user 0  sys 0  real 0 ; total time (s): user 2574  sys 766  real 4713 ; memory (MB): curr 70341  prog-peak 70341
  INFO [# 1001] : 'read_rdc_db' finished on 2/15/2022 at 03:11:51 ; self time (s): user 0  sys 0  real 0 ; total time (s): user 2574  sys 766  real 4713 ; memory (MB): curr 70341  prog-peak 70341
  INFO [# 1001] : Read ConfigDB from disk finished on 2/15/2022 at 03:12:04 ; self time (s): user 0  sys 0  real 0 ; total time (s): user 2578  sys 772  real 4726 ; memory (MB): curr 71502  prog-peak 71502
  INFO [# 1001] : 'read_rdc_db' finished on 2/15/2022 at 03:12:04 ; self time (s): user 4  sys 1  real 6 ; total time (s): user 2578  sys 772  real 4726 ; memory (MB): curr 71502  prog-peak 71502
  INFO [# 1001] : Read ConfigDB from disk finished on 2/15/2022 at 03:12:22 ; self time (s): user 0  sys 0  real 0 ; total time (s): user 2593  sys 775  real 4744 ; memory (MB): curr 75824  prog-peak 75824
  INFO [# 1001] : 'read_rdc_db' finished on 2/15/2022 at 03:12:22 ; self time (s): user 15  sys 3  real 18 ; total time (s): user 2593  sys 775  real 4744 ; memory (MB): curr 75825  prog-peak 75825
  INFO [# 1001] : Read ConfigDB from disk finished on 2/15/2022 at 03:12:26 ; self time (s): user 0  sys 0  real 0 ; total time (s): user 2596  sys 776  real 4748 ; memory (MB): curr 76649  prog-peak 76649
  INFO [# 1001] : 'read_rdc_db' finished on 2/15/2022 at 03:12:26 ; self time (s): user 3  sys 1  real 4 ; total time (s): user 2596  sys 776  real 4748 ; memory (MB): curr 76649  prog-peak 76649
  INFO [# 1001] : Read ConfigDB from disk finished on 2/15/2022 at 03:12:26 ; self time (s): user 0  sys 0  real 0 ; total time (s): user 2596  sys 776  real 4748 ; memory (MB): curr 76655  prog-peak 76655
  INFO [# 1001] : 'read_rdc_db' finished on 2/15/2022 at 03:12:26 ; self time (s): user 0  sys 0  real 0 ; total time (s): user 2596  sys 776  real 4748 ; memory (MB): curr 76655  prog-peak 76655
  INFO [# 1001] : Read ConfigDB from disk finished on 2/15/2022 at 03:12:26 ; self time (s): user 0  sys 0  real 0 ; total time (s): user 2596  sys 776  real 4748 ; memory (MB): curr 76663  prog-peak 76663
  INFO [# 1001] : 'read_rdc_db' finished on 2/15/2022 at 03:12:26 ; self time (s): user 0  sys 0  real 0 ; total time (s): user 2596  sys 776  real 4748 ; memory (MB): curr 76663  prog-peak 76663
  INFO [# 1001] : Read ConfigDB from disk finished on 2/15/2022 at 03:12:26 ; self time (s): user 0  sys 0  real 0 ; total time (s): user 2596  sys 776  real 4748 ; memory (MB): curr 76664  prog-peak 76664
  INFO [# 1001] : 'read_rdc_db' finished on 2/15/2022 at 03:12:26 ; self time (s): user 0  sys 0  real 0 ; total time (s): user 2596  sys 776  real 4748 ; memory (MB): curr 76665  prog-peak 76665
  INFO [# 1001] : FMN: 237034170 on 2/15/2022 at 04:46:56 ; self time (s): user 0  sys 0  real 2 ; total time (s): user 7343  sys 1485  real 10420 ; memory (MB): curr 353053  prog-peak 378799
  INFO [# 1001] : 'read_sdc' finished on 2/15/2022 at 04:49:31 ; self time (s): user 4850  sys 722  real 5825 ; total time (s): user 7445  sys 1498  real 10573 ; memory (MB): curr 366690  prog-peak 378799
  INFO [# 1001] : 'read_rdc_ip_model' statistics on 2/15/2022 at 04:49:31 ; self time (s): user 0  sys 0  real 0 ; total time (s): user 7445  sys 1498  real 10573 ; memory (MB): curr 366535  prog-peak 378799
  INFO [# 1001] : 'read_env' finished on 2/15/2022 at 04:56:10 ; self time (s): user 390  sys 8  real 400 ; total time (s): user 7836  sys 1506  real 10973 ; memory (MB): curr 366566  prog-peak 378799
  INFO [# 1001] : 'read_env' finished on 2/15/2022 at 05:02:50 ; self time (s): user 389  sys 9  real 399 ; total time (s): user 8224  sys 1515  real 11372 ; memory (MB): curr 366567  prog-peak 378799
  INFO [# 1001] : 'read_env' finished on 2/15/2022 at 05:09:27 ; self time (s): user 388  sys 8  real 397 ; total time (s): user 8612  sys 1523  real 11769 ; memory (MB): curr 366567  prog-peak 378799
  INFO [# 1001] : 'read_env' finished on 2/15/2022 at 05:16:05 ; self time (s): user 387  sys 9  real 398 ; total time (s): user 9000  sys 1532  real 12167 ; memory (MB): curr 366568  prog-peak 378799
  INFO [# 1001] : 'read_env' finished on 2/15/2022 at 05:22:44 ; self time (s): user 390  sys 9  real 399 ; total time (s): user 9389  sys 1540  real 12566 ; memory (MB): curr 366569  prog-peak 378799
  INFO [# 1001] : 'read_rdc_ip_model' finished on 2/15/2022 at 05:22:44 ; self time (s): user 1944  sys 42  real 1993 ; total time (s): user 9389  sys 1540  real 12566 ; memory (MB): curr 366569  prog-peak 378799
  INFO [# 1001] : 'read_env' finished on 2/15/2022 at 05:56:03 ; self time (s): user 1520  sys 449  real 1999 ; total time (s): user 10909  sys 1989  real 14565 ; memory (MB): curr 366642  prog-peak 378799
  INFO [# 1001] : 'promote_rdc_block_env' statistics on 2/15/2022 at 05:56:14 ; self time (s): user 0  sys 0  real 2 ; total time (s): user 10910  sys 2000  real 14578 ; memory (MB): curr 366642  prog-peak 378799
  INFO [# 1001] : 'read_env' finished on 2/15/2022 at 05:56:17 ; self time (s): user 1  sys 0  real 2 ; total time (s): user 10911  sys 2000  real 14580 ; memory (MB): curr 366644  prog-peak 378799
  INFO [# 1001] : 'read_env' finished on 2/15/2022 at 05:56:19 ; self time (s): user 1  sys 0  real 2 ; total time (s): user 10912  sys 2000  real 14582 ; memory (MB): curr 366647  prog-peak 378799
  INFO [# 1001] : 'promote_rdc_block_env' finished on 2/15/2022 at 05:56:20 ; self time (s): user 2  sys 0  real 6 ; total time (s): user 10912  sys 2000  real 14582 ; memory (MB): curr 366647  prog-peak 378799
  INFO [# 1001] : 'promote_rdc_block_env' statistics on 2/15/2022 at 05:56:31 ; self time (s): user 0  sys 0  real 1 ; total time (s): user 10912  sys 2011  real 14594 ; memory (MB): curr 366647  prog-peak 378799
  INFO [# 1001] : 'read_env' finished on 2/15/2022 at 05:56:34 ; self time (s): user 1  sys 0  real 2 ; total time (s): user 10913  sys 2011  real 14596 ; memory (MB): curr 366648  prog-peak 378799
  INFO [# 1001] : 'promote_rdc_block_env' finished on 2/15/2022 at 05:56:34 ; self time (s): user 1  sys 0  real 3 ; total time (s): user 10913  sys 2011  real 14596 ; memory (MB): curr 366648  prog-peak 378799
  INFO [# 1001] : 'promote_rdc_block_env' statistics on 2/15/2022 at 05:56:46 ; self time (s): user 0  sys 0  real 0 ; total time (s): user 10913  sys 2022  real 14608 ; memory (MB): curr 366648  prog-peak 378799
  INFO [# 1001] : 'read_env' finished on 2/15/2022 at 05:56:49 ; self time (s): user 2  sys 0  real 3 ; total time (s): user 10915  sys 2022  real 14611 ; memory (MB): curr 366655  prog-peak 378799
  INFO [# 1001] : 'read_env' finished on 2/15/2022 at 05:56:52 ; self time (s): user 2  sys 0  real 3 ; total time (s): user 10916  sys 2022  real 14614 ; memory (MB): curr 366661  prog-peak 378799
  INFO [# 1001] : 'read_env' finished on 2/15/2022 at 05:56:55 ; self time (s): user 2  sys 0  real 3 ; total time (s): user 10918  sys 2022  real 14617 ; memory (MB): curr 366667  prog-peak 378799
  INFO [# 1001] : 'read_env' finished on 2/15/2022 at 05:56:58 ; self time (s): user 2  sys 0  real 3 ; total time (s): user 10920  sys 2022  real 14620 ; memory (MB): curr 366673  prog-peak 378799
  INFO [# 1001] : 'promote_rdc_block_env' finished on 2/15/2022 at 05:56:58 ; self time (s): user 7  sys 1  real 12 ; total time (s): user 10920  sys 2022  real 14620 ; memory (MB): curr 366673  prog-peak 378799
  INFO [# 1001] : 'promote_rdc_block_env' statistics on 2/15/2022 at 05:57:10 ; self time (s): user 0  sys 0  real 0 ; total time (s): user 10921  sys 2034  real 14632 ; memory (MB): curr 366673  prog-peak 378799
  INFO [# 1001] : 'read_env' finished on 2/15/2022 at 05:57:10 ; self time (s): user 0  sys 0  real 0 ; total time (s): user 10921  sys 2034  real 14632 ; memory (MB): curr 366674  prog-peak 378799
  INFO [# 1001] : 'promote_rdc_block_env' finished on 2/15/2022 at 05:57:10 ; self time (s): user 0  sys 0  real 0 ; total time (s): user 10921  sys 2034  real 14632 ; memory (MB): curr 366674  prog-peak 378799
  INFO [# 1001] : 'promote_rdc_block_env' statistics on 2/15/2022 at 05:57:20 ; self time (s): user 0  sys 0  real 1 ; total time (s): user 10921  sys 2043  real 14643 ; memory (MB): curr 366674  prog-peak 378799
  INFO [# 1001] : 'read_env' finished on 2/15/2022 at 05:57:23 ; self time (s): user 1  sys 0  real 3 ; total time (s): user 10922  sys 2043  real 14646 ; memory (MB): curr 366677  prog-peak 378799
  INFO [# 1001] : 'promote_rdc_block_env' finished on 2/15/2022 at 05:57:24 ; self time (s): user 1  sys 0  real 4 ; total time (s): user 10922  sys 2043  real 14646 ; memory (MB): curr 366677  prog-peak 378799
  INFO [# 1001] : 'promote_rdc_block_env' statistics on 2/15/2022 at 05:57:34 ; self time (s): user 0  sys 0  real 0 ; total time (s): user 10922  sys 2053  real 14656 ; memory (MB): curr 366677  prog-peak 378799
  INFO [# 1001] : 'read_env' finished on 2/15/2022 at 05:57:35 ; self time (s): user 0  sys 0  real 1 ; total time (s): user 10923  sys 2053  real 14657 ; memory (MB): curr 366678  prog-peak 378799
  INFO [# 1001] : 'read_env' finished on 2/15/2022 at 05:57:36 ; self time (s): user 1  sys 0  real 1 ; total time (s): user 10923  sys 2053  real 14658 ; memory (MB): curr 366679  prog-peak 378799
  INFO [# 1001] : 'promote_rdc_block_env' finished on 2/15/2022 at 05:57:36 ; self time (s): user 1  sys 0  real 2 ; total time (s): user 10923  sys 2053  real 14658 ; memory (MB): curr 366679  prog-peak 378799
  INFO [# 1001] : 'promote_rdc_block_env' statistics on 2/15/2022 at 05:57:46 ; self time (s): user 0  sys 0  real 0 ; total time (s): user 10924  sys 2064  real 14668 ; memory (MB): curr 366679  prog-peak 378799
  INFO [# 1001] : 'read_env' finished on 2/15/2022 at 05:57:47 ; self time (s): user 0  sys 0  real 1 ; total time (s): user 10924  sys 2064  real 14669 ; memory (MB): curr 366680  prog-peak 378799
  INFO [# 1001] : 'promote_rdc_block_env' finished on 2/15/2022 at 05:57:47 ; self time (s): user 0  sys 0  real 1 ; total time (s): user 10924  sys 2064  real 14669 ; memory (MB): curr 366680  prog-peak 378799
  INFO [# 1001] : 'promote_rdc_block_env' statistics on 2/15/2022 at 05:58:00 ; self time (s): user 0  sys 0  real 1 ; total time (s): user 10924  sys 2076  real 14683 ; memory (MB): curr 366680  prog-peak 378799
  INFO [# 1001] : 'read_env' finished on 2/15/2022 at 05:58:01 ; self time (s): user 0  sys 0  real 2 ; total time (s): user 10925  sys 2076  real 14685 ; memory (MB): curr 366680  prog-peak 378799
  INFO [# 1001] : 'read_env' finished on 2/15/2022 at 05:58:04 ; self time (s): user 0  sys 0  real 1 ; total time (s): user 10925  sys 2076  real 14686 ; memory (MB): curr 366681  prog-peak 378799
  INFO [# 1001] : 'read_env' finished on 2/15/2022 at 05:58:04 ; self time (s): user 0  sys 0  real 0 ; total time (s): user 10925  sys 2076  real 14686 ; memory (MB): curr 366682  prog-peak 378799
  INFO [# 1001] : 'read_env' finished on 2/15/2022 at 05:58:04 ; self time (s): user 0  sys 0  real 0 ; total time (s): user 10926  sys 2076  real 14686 ; memory (MB): curr 366682  prog-peak 378799
  INFO [# 1001] : 'promote_rdc_block_env' finished on 2/15/2022 at 05:58:04 ; self time (s): user 1  sys 0  real 4 ; total time (s): user 10926  sys 2076  real 14686 ; memory (MB): curr 366682  prog-peak 378799
  INFO [# 1001] : 'promote_rdc_block_env' statistics on 2/15/2022 at 05:58:15 ; self time (s): user 0  sys 0  real 0 ; total time (s): user 10926  sys 2087  real 14697 ; memory (MB): curr 366682  prog-peak 378799
  INFO [# 1001] : 'read_env' finished on 2/15/2022 at 05:58:18 ; self time (s): user 2  sys 0  real 3 ; total time (s): user 10928  sys 2087  real 14700 ; memory (MB): curr 366688  prog-peak 378799
  INFO [# 1001] : 'promote_rdc_block_env' finished on 2/15/2022 at 05:58:18 ; self time (s): user 2  sys 0  real 3 ; total time (s): user 10928  sys 2087  real 14700 ; memory (MB): curr 366688  prog-peak 378799
  INFO [# 1001] : 'promote_rdc_block_env' statistics on 2/15/2022 at 05:58:28 ; self time (s): user 0  sys 0  real 2 ; total time (s): user 10928  sys 2097  real 14712 ; memory (MB): curr 366688  prog-peak 378799
  INFO [# 1001] : 'read_env' finished on 2/15/2022 at 05:58:30 ; self time (s): user 0  sys 0  real 2 ; total time (s): user 10928  sys 2097  real 14714 ; memory (MB): curr 366688  prog-peak 378799
  INFO [# 1001] : 'read_env' finished on 2/15/2022 at 05:58:32 ; self time (s): user 0  sys 0  real 0 ; total time (s): user 10929  sys 2097  real 14714 ; memory (MB): curr 366689  prog-peak 378799
  INFO [# 1001] : 'promote_rdc_block_env' finished on 2/15/2022 at 05:58:32 ; self time (s): user 1  sys 0  real 4 ; total time (s): user 10929  sys 2097  real 14714 ; memory (MB): curr 366689  prog-peak 378799
  INFO [# 1001] : 'promote_rdc_block_env' statistics on 2/15/2022 at 05:58:45 ; self time (s): user 0  sys 0  real 0 ; total time (s): user 10929  sys 2109  real 14727 ; memory (MB): curr 366689  prog-peak 378799
  INFO [# 1001] : 'read_env' finished on 2/15/2022 at 05:58:50 ; self time (s): user 4  sys 0  real 7 ; total time (s): user 10933  sys 2109  real 14734 ; memory (MB): curr 366703  prog-peak 378799
  INFO [# 1001] : 'promote_rdc_block_env' finished on 2/15/2022 at 05:58:52 ; self time (s): user 4  sys 0  real 7 ; total time (s): user 10933  sys 2109  real 14734 ; memory (MB): curr 366703  prog-peak 378799
  INFO [# 1001] : 'promote_rdc_block_env' statistics on 2/15/2022 at 05:59:03 ; self time (s): user 0  sys 0  real 1 ; total time (s): user 10934  sys 2119  real 14746 ; memory (MB): curr 366703  prog-peak 378799
  INFO [# 1001] : 'read_env' finished on 2/15/2022 at 05:59:04 ; self time (s): user 0  sys 0  real 2 ; total time (s): user 10934  sys 2119  real 14748 ; memory (MB): curr 366704  prog-peak 378799
  INFO [# 1001] : 'promote_rdc_block_env' finished on 2/15/2022 at 05:59:06 ; self time (s): user 0  sys 0  real 3 ; total time (s): user 10934  sys 2119  real 14748 ; memory (MB): curr 366704  prog-peak 378799
  INFO [# 1001] : 'promote_rdc_block_env' statistics on 2/15/2022 at 05:59:17 ; self time (s): user 0  sys 0  real 3 ; total time (s): user 10934  sys 2130  real 14762 ; memory (MB): curr 366704  prog-peak 378799
  INFO [# 1001] : 'read_env' finished on 2/15/2022 at 05:59:20 ; self time (s): user 0  sys 0  real 2 ; total time (s): user 10935  sys 2130  real 14764 ; memory (MB): curr 366705  prog-peak 378799
  INFO [# 1001] : 'promote_rdc_block_env' finished on 2/15/2022 at 05:59:22 ; self time (s): user 0  sys 0  real 5 ; total time (s): user 10935  sys 2130  real 14764 ; memory (MB): curr 366705  prog-peak 378799
  INFO [# 1001] : 'promote_rdc_block_env' statistics on 2/15/2022 at 05:59:32 ; self time (s): user 0  sys 0  real 0 ; total time (s): user 10935  sys 2138  real 14774 ; memory (MB): curr 366704  prog-peak 378799
  INFO [# 1001] : 'read_env' finished on 2/15/2022 at 05:59:32 ; self time (s): user 0  sys 0  real 0 ; total time (s): user 10935  sys 2138  real 14774 ; memory (MB): curr 366705  prog-peak 378799
  INFO [# 1001] : 'promote_rdc_block_env' finished on 2/15/2022 at 05:59:32 ; self time (s): user 0  sys 0  real 0 ; total time (s): user 10935  sys 2138  real 14774 ; memory (MB): curr 366705  prog-peak 378799
  INFO [# 1001] : 'promote_rdc_block_env' statistics on 2/15/2022 at 05:59:41 ; self time (s): user 0  sys 0  real 0 ; total time (s): user 10936  sys 2148  real 14783 ; memory (MB): curr 366705  prog-peak 378799
  INFO [# 1001] : 'read_env' finished on 2/15/2022 at 05:59:43 ; self time (s): user 1  sys 0  real 2 ; total time (s): user 10937  sys 2148  real 14785 ; memory (MB): curr 366708  prog-peak 378799
  INFO [# 1001] : 'read_env' finished on 2/15/2022 at 05:59:44 ; self time (s): user 1  sys 0  real 1 ; total time (s): user 10938  sys 2148  real 14786 ; memory (MB): curr 366710  prog-peak 378799
  INFO [# 1001] : 'read_env' finished on 2/15/2022 at 05:59:45 ; self time (s): user 1  sys 0  real 1 ; total time (s): user 10939  sys 2148  real 14787 ; memory (MB): curr 366713  prog-peak 378799
  INFO [# 1001] : 'read_env' finished on 2/15/2022 at 05:59:47 ; self time (s): user 1  sys 0  real 2 ; total time (s): user 10939  sys 2148  real 14789 ; memory (MB): curr 366716  prog-peak 378799
  INFO [# 1001] : 'read_env' finished on 2/15/2022 at 05:59:48 ; self time (s): user 1  sys 0  real 3 ; total time (s): user 10940  sys 2148  real 14792 ; memory (MB): curr 366718  prog-peak 378799
  INFO [# 1001] : 'read_env' finished on 2/15/2022 at 05:59:52 ; self time (s): user 1  sys 0  real 2 ; total time (s): user 10941  sys 2148  real 14794 ; memory (MB): curr 366720  prog-peak 378799
  INFO [# 1001] : 'read_env' finished on 2/15/2022 at 05:59:55 ; self time (s): user 1  sys 0  real 4 ; total time (s): user 10942  sys 2148  real 14798 ; memory (MB): curr 366723  prog-peak 378799
  INFO [# 1001] : 'read_env' finished on 2/15/2022 at 05:59:58 ; self time (s): user 1  sys 0  real 2 ; total time (s): user 10943  sys 2148  real 14800 ; memory (MB): curr 366726  prog-peak 378799
  INFO [# 1001] : 'read_env' finished on 2/15/2022 at 05:59:59 ; self time (s): user 1  sys 0  real 1 ; total time (s): user 10944  sys 2148  real 14801 ; memory (MB): curr 366729  prog-peak 378799
  INFO [# 1001] : 'read_env' finished on 2/15/2022 at 06:00:00 ; self time (s): user 1  sys 0  real 1 ; total time (s): user 10945  sys 2148  real 14802 ; memory (MB): curr 366731  prog-peak 378799
  INFO [# 1001] : 'read_env' finished on 2/15/2022 at 06:00:01 ; self time (s): user 1  sys 0  real 1 ; total time (s): user 10946  sys 2148  real 14803 ; memory (MB): curr 366734  prog-peak 378799
  INFO [# 1001] : 'read_env' finished on 2/15/2022 at 06:00:03 ; self time (s): user 1  sys 0  real 2 ; total time (s): user 10947  sys 2148  real 14805 ; memory (MB): curr 366736  prog-peak 378799
  INFO [# 1001] : 'read_env' finished on 2/15/2022 at 06:00:04 ; self time (s): user 1  sys 0  real 1 ; total time (s): user 10948  sys 2148  real 14806 ; memory (MB): curr 366739  prog-peak 378799
  INFO [# 1001] : 'read_env' finished on 2/15/2022 at 06:00:06 ; self time (s): user 1  sys 0  real 2 ; total time (s): user 10949  sys 2148  real 14808 ; memory (MB): curr 366742  prog-peak 378799
  INFO [# 1001] : 'read_env' finished on 2/15/2022 at 06:00:10 ; self time (s): user 1  sys 0  real 4 ; total time (s): user 10950  sys 2149  real 14812 ; memory (MB): curr 366744  prog-peak 378799
  INFO [# 1001] : 'read_env' finished on 2/15/2022 at 06:00:11 ; self time (s): user 1  sys 0  real 1 ; total time (s): user 10950  sys 2149  real 14813 ; memory (MB): curr 366747  prog-peak 378799
  INFO [# 1001] : 'promote_rdc_block_env' finished on 2/15/2022 at 06:00:11 ; self time (s): user 15  sys 1  real 30 ; total time (s): user 10950  sys 2149  real 14813 ; memory (MB): curr 366747  prog-peak 378799
  INFO [# 1001] : 'promote_rdc_block_env' statistics on 2/15/2022 at 06:00:22 ; self time (s): user 0  sys 0  real 1 ; total time (s): user 10951  sys 2159  real 14825 ; memory (MB): curr 366747  prog-peak 378799
  INFO [# 1001] : 'read_env' finished on 2/15/2022 at 06:00:27 ; self time (s): user 1  sys 0  real 4 ; total time (s): user 10952  sys 2159  real 14829 ; memory (MB): curr 366749  prog-peak 378799
  INFO [# 1001] : 'promote_rdc_block_env' finished on 2/15/2022 at 06:00:27 ; self time (s): user 1  sys 0  real 5 ; total time (s): user 10952  sys 2159  real 14829 ; memory (MB): curr 366749  prog-peak 378799
  INFO [# 1001] : 'promote_rdc_block_env' statistics on 2/15/2022 at 06:00:39 ; self time (s): user 0  sys 0  real 2 ; total time (s): user 10952  sys 2172  real 14843 ; memory (MB): curr 366749  prog-peak 378799
  INFO [# 1001] : 'read_env' finished on 2/15/2022 at 06:00:43 ; self time (s): user 0  sys 0  real 2 ; total time (s): user 10952  sys 2172  real 14845 ; memory (MB): curr 366750  prog-peak 378799
  INFO [# 1001] : 'promote_rdc_block_env' finished on 2/15/2022 at 06:00:43 ; self time (s): user 0  sys 0  real 4 ; total time (s): user 10952  sys 2172  real 14845 ; memory (MB): curr 366750  prog-peak 378799
  INFO [# 1001] : 'promote_rdc_block_env' statistics on 2/15/2022 at 06:00:55 ; self time (s): user 0  sys 0  real 0 ; total time (s): user 10953  sys 2183  real 14857 ; memory (MB): curr 366749  prog-peak 378799
  INFO [# 1001] : 'read_env' finished on 2/15/2022 at 06:00:56 ; self time (s): user 0  sys 0  real 1 ; total time (s): user 10953  sys 2183  real 14858 ; memory (MB): curr 366751  prog-peak 378799
  INFO [# 1001] : 'promote_rdc_block_env' finished on 2/15/2022 at 06:00:56 ; self time (s): user 0  sys 0  real 1 ; total time (s): user 10953  sys 2183  real 14858 ; memory (MB): curr 366751  prog-peak 378799
  INFO [# 1001] : 'promote_rdc_block_env' statistics on 2/15/2022 at 06:01:06 ; self time (s): user 0  sys 0  real 2 ; total time (s): user 10953  sys 2193  real 14870 ; memory (MB): curr 366750  prog-peak 378799
  INFO [# 1001] : 'read_env' finished on 2/15/2022 at 06:01:10 ; self time (s): user 1  sys 0  real 2 ; total time (s): user 10954  sys 2193  real 14872 ; memory (MB): curr 366752  prog-peak 378799
  INFO [# 1001] : 'promote_rdc_block_env' finished on 2/15/2022 at 06:01:10 ; self time (s): user 1  sys 0  real 4 ; total time (s): user 10954  sys 2193  real 14872 ; memory (MB): curr 366752  prog-peak 378799
  INFO [# 1001] : 'promote_rdc_block_env' statistics on 2/15/2022 at 06:01:23 ; self time (s): user 0  sys 0  real 2 ; total time (s): user 10954  sys 2205  real 14887 ; memory (MB): curr 366751  prog-peak 378799
  INFO [# 1001] : 'read_env' finished on 2/15/2022 at 06:01:25 ; self time (s): user 0  sys 0  real 2 ; total time (s): user 10955  sys 2205  real 14889 ; memory (MB): curr 366752  prog-peak 378799
  INFO [# 1001] : 'read_env' finished on 2/15/2022 at 06:01:28 ; self time (s): user 0  sys 0  real 1 ; total time (s): user 10955  sys 2205  real 14890 ; memory (MB): curr 366753  prog-peak 378799
  INFO [# 1001] : 'promote_rdc_block_env' finished on 2/15/2022 at 06:01:28 ; self time (s): user 1  sys 0  real 5 ; total time (s): user 10955  sys 2205  real 14890 ; memory (MB): curr 366753  prog-peak 378799
  INFO [# 1001] : 'promote_rdc_block_env' statistics on 2/15/2022 at 06:01:39 ; self time (s): user 0  sys 0  real 0 ; total time (s): user 10955  sys 2216  real 14901 ; memory (MB): curr 366752  prog-peak 378799
  INFO [# 1001] : 'read_env' finished on 2/15/2022 at 06:01:39 ; self time (s): user 0  sys 0  real 0 ; total time (s): user 10955  sys 2216  real 14901 ; memory (MB): curr 366753  prog-peak 378799
  INFO [# 1001] : 'read_env' finished on 2/15/2022 at 06:01:39 ; self time (s): user 0  sys 0  real 0 ; total time (s): user 10956  sys 2216  real 14901 ; memory (MB): curr 366753  prog-peak 378799
  INFO [# 1001] : 'promote_rdc_block_env' finished on 2/15/2022 at 06:01:39 ; self time (s): user 0  sys 0  real 0 ; total time (s): user 10956  sys 2216  real 14901 ; memory (MB): curr 366753  prog-peak 378799
  INFO [# 1001] : 'promote_rdc_block_env' statistics on 2/15/2022 at 06:01:50 ; self time (s): user 0  sys 0  real 0 ; total time (s): user 10956  sys 2226  real 14912 ; memory (MB): curr 366752  prog-peak 378799
  INFO [# 1001] : 'read_env' finished on 2/15/2022 at 06:01:51 ; self time (s): user 0  sys 0  real 1 ; total time (s): user 10956  sys 2226  real 14913 ; memory (MB): curr 366753  prog-peak 378799
  INFO [# 1001] : 'read_env' finished on 2/15/2022 at 06:01:51 ; self time (s): user 0  sys 0  real 0 ; total time (s): user 10957  sys 2226  real 14913 ; memory (MB): curr 366753  prog-peak 378799
  INFO [# 1001] : 'read_env' finished on 2/15/2022 at 06:01:51 ; self time (s): user 0  sys 0  real 0 ; total time (s): user 10957  sys 2226  real 14913 ; memory (MB): curr 366754  prog-peak 378799
  INFO [# 1001] : 'promote_rdc_block_env' finished on 2/15/2022 at 06:01:51 ; self time (s): user 1  sys 0  real 1 ; total time (s): user 10957  sys 2226  real 14913 ; memory (MB): curr 366754  prog-peak 378799
  INFO [# 1001] : 'promote_rdc_block_env' statistics on 2/15/2022 at 06:02:01 ; self time (s): user 0  sys 0  real 0 ; total time (s): user 10957  sys 2236  real 14923 ; memory (MB): curr 366754  prog-peak 378799
  INFO [# 1001] : 'read_env' finished on 2/15/2022 at 06:02:02 ; self time (s): user 0  sys 0  real 1 ; total time (s): user 10957  sys 2236  real 14924 ; memory (MB): curr 366755  prog-peak 378799
  INFO [# 1001] : 'read_env' finished on 2/15/2022 at 06:02:02 ; self time (s): user 0  sys 0  real 0 ; total time (s): user 10958  sys 2236  real 14924 ; memory (MB): curr 366755  prog-peak 378799
  INFO [# 1001] : 'read_env' finished on 2/15/2022 at 06:02:02 ; self time (s): user 0  sys 0  real 0 ; total time (s): user 10958  sys 2236  real 14924 ; memory (MB): curr 366756  prog-peak 378799
  INFO [# 1001] : 'promote_rdc_block_env' finished on 2/15/2022 at 06:02:02 ; self time (s): user 1  sys 0  real 1 ; total time (s): user 10958  sys 2236  real 14924 ; memory (MB): curr 366756  prog-peak 378799
  INFO [# 1001] : 'promote_rdc_block_env' statistics on 2/15/2022 at 06:02:13 ; self time (s): user 0  sys 0  real 0 ; total time (s): user 10958  sys 2246  real 14935 ; memory (MB): curr 366755  prog-peak 378799
  INFO [# 1001] : 'read_env' finished on 2/15/2022 at 06:02:13 ; self time (s): user 0  sys 0  real 0 ; total time (s): user 10959  sys 2246  real 14935 ; memory (MB): curr 366756  prog-peak 378799
  INFO [# 1001] : 'read_env' finished on 2/15/2022 at 06:02:13 ; self time (s): user 0  sys 0  real 0 ; total time (s): user 10959  sys 2246  real 14935 ; memory (MB): curr 366756  prog-peak 378799
  INFO [# 1001] : 'promote_rdc_block_env' finished on 2/15/2022 at 06:02:13 ; self time (s): user 0  sys 0  real 0 ; total time (s): user 10959  sys 2246  real 14935 ; memory (MB): curr 366756  prog-peak 378799
  INFO [# 1001] : 'promote_rdc_block_env' statistics on 2/15/2022 at 06:02:25 ; self time (s): user 0  sys 0  real 1 ; total time (s): user 10959  sys 2258  real 14948 ; memory (MB): curr 366755  prog-peak 378799
  INFO [# 1001] : 'read_env' finished on 2/15/2022 at 06:02:32 ; self time (s): user 0  sys 0  real 8 ; total time (s): user 10959  sys 2258  real 14956 ; memory (MB): curr 366756  prog-peak 378799
  INFO [# 1001] : 'promote_rdc_block_env' finished on 2/15/2022 at 06:02:34 ; self time (s): user 0  sys 0  real 9 ; total time (s): user 10959  sys 2258  real 14956 ; memory (MB): curr 366756  prog-peak 378799
  INFO [# 1001] : 'promote_rdc_block_env' statistics on 2/15/2022 at 06:02:45 ; self time (s): user 0  sys 0  real 0 ; total time (s): user 10960  sys 2268  real 14967 ; memory (MB): curr 366755  prog-peak 378799
  INFO [# 1001] : 'read_env' finished on 2/15/2022 at 06:02:45 ; self time (s): user 0  sys 0  real 0 ; total time (s): user 10960  sys 2268  real 14967 ; memory (MB): curr 366756  prog-peak 378799
  INFO [# 1001] : 'promote_rdc_block_env' finished on 2/15/2022 at 06:02:45 ; self time (s): user 0  sys 0  real 0 ; total time (s): user 10960  sys 2268  real 14967 ; memory (MB): curr 366756  prog-peak 378799
  INFO [# 1001] : 'promote_rdc_block_env' statistics on 2/15/2022 at 06:02:55 ; self time (s): user 0  sys 0  real 1 ; total time (s): user 10960  sys 2278  real 14978 ; memory (MB): curr 366756  prog-peak 378799
  INFO [# 1001] : 'read_env' finished on 2/15/2022 at 06:02:57 ; self time (s): user 0  sys 0  real 3 ; total time (s): user 10960  sys 2278  real 14981 ; memory (MB): curr 366757  prog-peak 378799
  INFO [# 1001] : 'promote_rdc_block_env' finished on 2/15/2022 at 06:02:59 ; self time (s): user 0  sys 0  real 4 ; total time (s): user 10960  sys 2278  real 14981 ; memory (MB): curr 366757  prog-peak 378799
  INFO [# 1001] : 'promote_rdc_block_env' statistics on 2/15/2022 at 06:03:10 ; self time (s): user 0  sys 0  real 0 ; total time (s): user 10961  sys 2289  real 14992 ; memory (MB): curr 366756  prog-peak 378799
  INFO [# 1001] : 'read_env' finished on 2/15/2022 at 06:03:10 ; self time (s): user 0  sys 0  real 0 ; total time (s): user 10961  sys 2289  real 14992 ; memory (MB): curr 366757  prog-peak 378799
  INFO [# 1001] : 'promote_rdc_block_env' finished on 2/15/2022 at 06:03:10 ; self time (s): user 0  sys 0  real 0 ; total time (s): user 10961  sys 2289  real 14992 ; memory (MB): curr 366757  prog-peak 378799
  INFO [# 1001] : 'promote_rdc_block_env' statistics on 2/15/2022 at 06:03:21 ; self time (s): user 0  sys 0  real 0 ; total time (s): user 10961  sys 2299  real 15003 ; memory (MB): curr 366757  prog-peak 378799
  INFO [# 1001] : 'read_env' finished on 2/15/2022 at 06:03:21 ; self time (s): user 0  sys 0  real 0 ; total time (s): user 10962  sys 2299  real 15003 ; memory (MB): curr 366757  prog-peak 378799
  INFO [# 1001] : 'promote_rdc_block_env' finished on 2/15/2022 at 06:03:21 ; self time (s): user 0  sys 0  real 0 ; total time (s): user 10962  sys 2299  real 15003 ; memory (MB): curr 366757  prog-peak 378799
  INFO [# 1001] : 'promote_rdc_block_env' statistics on 2/15/2022 at 06:03:33 ; self time (s): user 0  sys 0  real 0 ; total time (s): user 10962  sys 2310  real 15015 ; memory (MB): curr 366757  prog-peak 378799
  INFO [# 1001] : 'read_env' finished on 2/15/2022 at 06:03:33 ; self time (s): user 0  sys 0  real 0 ; total time (s): user 10962  sys 2310  real 15015 ; memory (MB): curr 366758  prog-peak 378799
  INFO [# 1001] : 'promote_rdc_block_env' finished on 2/15/2022 at 06:03:33 ; self time (s): user 0  sys 0  real 0 ; total time (s): user 10962  sys 2310  real 15015 ; memory (MB): curr 366758  prog-peak 378799
  INFO [# 1001] : 'promote_rdc_block_env' statistics on 2/15/2022 at 06:03:45 ; self time (s): user 0  sys 0  real 1 ; total time (s): user 10963  sys 2322  real 15028 ; memory (MB): curr 366757  prog-peak 378799
  INFO [# 1001] : 'read_env' finished on 2/15/2022 at 06:03:49 ; self time (s): user 0  sys 0  real 3 ; total time (s): user 10963  sys 2322  real 15031 ; memory (MB): curr 366758  prog-peak 378799
  INFO [# 1001] : 'promote_rdc_block_env' finished on 2/15/2022 at 06:03:49 ; self time (s): user 0  sys 0  real 4 ; total time (s): user 10963  sys 2322  real 15031 ; memory (MB): curr 366758  prog-peak 378799
  INFO [# 1001] : 'promote_rdc_block_env' statistics on 2/15/2022 at 06:03:59 ; self time (s): user 0  sys 0  real 1 ; total time (s): user 10963  sys 2332  real 15042 ; memory (MB): curr 366758  prog-peak 378799
  INFO [# 1001] : 'read_env' finished on 2/15/2022 at 06:04:00 ; self time (s): user 0  sys 0  real 2 ; total time (s): user 10963  sys 2332  real 15044 ; memory (MB): curr 366758  prog-peak 378799
  INFO [# 1001] : 'promote_rdc_block_env' finished on 2/15/2022 at 06:04:02 ; self time (s): user 0  sys 0  real 3 ; total time (s): user 10963  sys 2332  real 15044 ; memory (MB): curr 366758  prog-peak 378799
  INFO [# 1001] : 'promote_rdc_block_env' statistics on 2/15/2022 at 06:04:13 ; self time (s): user 0  sys 0  real 0 ; total time (s): user 10964  sys 2343  real 15055 ; memory (MB): curr 366758  prog-peak 378799
  INFO [# 1001] : 'read_env' finished on 2/15/2022 at 06:04:14 ; self time (s): user 0  sys 0  real 0 ; total time (s): user 10964  sys 2343  real 15056 ; memory (MB): curr 366759  prog-peak 378799
  INFO [# 1001] : 'promote_rdc_block_env' finished on 2/15/2022 at 06:04:14 ; self time (s): user 0  sys 0  real 1 ; total time (s): user 10964  sys 2343  real 15056 ; memory (MB): curr 366759  prog-peak 378799
  INFO [# 1001] : 'promote_rdc_block_env' statistics on 2/15/2022 at 06:04:23 ; self time (s): user 0  sys 0  real 3 ; total time (s): user 10964  sys 2352  real 15068 ; memory (MB): curr 366758  prog-peak 378799
  INFO [# 1001] : 'read_env' finished on 2/15/2022 at 06:04:27 ; self time (s): user 0  sys 0  real 3 ; total time (s): user 10965  sys 2352  real 15071 ; memory (MB): curr 366759  prog-peak 378799
  INFO [# 1001] : 'promote_rdc_block_env' finished on 2/15/2022 at 06:04:29 ; self time (s): user 0  sys 0  real 6 ; total time (s): user 10965  sys 2352  real 15071 ; memory (MB): curr 366759  prog-peak 378799
  INFO [# 1001] : 'promote_rdc_block_env' statistics on 2/15/2022 at 06:04:39 ; self time (s): user 0  sys 0  real 0 ; total time (s): user 10965  sys 2362  real 15081 ; memory (MB): curr 366759  prog-peak 378799
  INFO [# 1001] : 'read_env' finished on 2/15/2022 at 06:04:40 ; self time (s): user 0  sys 0  real 1 ; total time (s): user 10965  sys 2362  real 15082 ; memory (MB): curr 366760  prog-peak 378799
  INFO [# 1001] : 'promote_rdc_block_env' finished on 2/15/2022 at 06:04:40 ; self time (s): user 0  sys 0  real 1 ; total time (s): user 10965  sys 2362  real 15082 ; memory (MB): curr 366760  prog-peak 378799
  INFO [# 1001] : 'promote_rdc_block_env' statistics on 2/15/2022 at 06:04:50 ; self time (s): user 0  sys 0  real 1 ; total time (s): user 10966  sys 2373  real 15093 ; memory (MB): curr 366759  prog-peak 378799
  INFO [# 1001] : 'read_env' finished on 2/15/2022 at 06:04:56 ; self time (s): user 1  sys 0  real 7 ; total time (s): user 10966  sys 2373  real 15100 ; memory (MB): curr 366761  prog-peak 378799
  INFO [# 1001] : 'promote_rdc_block_env' finished on 2/15/2022 at 06:04:58 ; self time (s): user 1  sys 0  real 8 ; total time (s): user 10966  sys 2373  real 15100 ; memory (MB): curr 366761  prog-peak 378799
  INFO [# 1001] : 'promote_rdc_block_env' statistics on 2/15/2022 at 06:05:10 ; self time (s): user 0  sys 0  real 0 ; total time (s): user 10967  sys 2384  real 15112 ; memory (MB): curr 366761  prog-peak 378799
  INFO [# 1001] : 'read_env' finished on 2/15/2022 at 06:05:10 ; self time (s): user 0  sys 0  real 0 ; total time (s): user 10967  sys 2384  real 15112 ; memory (MB): curr 366762  prog-peak 378799
  INFO [# 1001] : 'promote_rdc_block_env' finished on 2/15/2022 at 06:05:10 ; self time (s): user 0  sys 0  real 0 ; total time (s): user 10967  sys 2384  real 15112 ; memory (MB): curr 366762  prog-peak 378799
  INFO [# 1001] : 'promote_rdc_block_env' statistics on 2/15/2022 at 06:05:21 ; self time (s): user 0  sys 0  real 0 ; total time (s): user 10967  sys 2394  real 15123 ; memory (MB): curr 366761  prog-peak 378799
  INFO [# 1001] : 'read_env' finished on 2/15/2022 at 06:06:23 ; self time (s): user 33  sys 3  real 62 ; total time (s): user 11000  sys 2397  real 15185 ; memory (MB): curr 366833  prog-peak 378799
  INFO [# 1001] : 'promote_rdc_block_env' finished on 2/15/2022 at 06:06:23 ; self time (s): user 33  sys 3  real 62 ; total time (s): user 11000  sys 2397  real 15185 ; memory (MB): curr 366833  prog-peak 378799
  INFO [# 1001] : 'promote_rdc_block_env' statistics on 2/15/2022 at 06:06:23 ; self time (s): user 0  sys 0  real 0 ; total time (s): user 11000  sys 2397  real 15185 ; memory (MB): curr 366828  prog-peak 378799
  INFO [# 1001] : 'read_env' finished on 2/15/2022 at 06:06:24 ; self time (s): user 0  sys 0  real 1 ; total time (s): user 11001  sys 2397  real 15186 ; memory (MB): curr 366831  prog-peak 378799
  INFO [# 1001] : 'promote_rdc_block_env' finished on 2/15/2022 at 06:06:24 ; self time (s): user 0  sys 0  real 1 ; total time (s): user 11001  sys 2397  real 15186 ; memory (MB): curr 366831  prog-peak 378799
  INFO [# 1001] : 'promote_rdc_block_env' statistics on 2/15/2022 at 06:06:24 ; self time (s): user 0  sys 0  real 0 ; total time (s): user 11001  sys 2397  real 15186 ; memory (MB): curr 366829  prog-peak 378799
  INFO [# 1001] : 'read_env' finished on 2/15/2022 at 06:06:25 ; self time (s): user 1  sys 0  real 2 ; total time (s): user 11001  sys 2397  real 15188 ; memory (MB): curr 366833  prog-peak 378799
  INFO [# 1001] : 'read_env' finished on 2/15/2022 at 06:06:28 ; self time (s): user 1  sys 0  real 2 ; total time (s): user 11002  sys 2397  real 15190 ; memory (MB): curr 366836  prog-peak 378799
  INFO [# 1001] : 'promote_rdc_block_env' finished on 2/15/2022 at 06:06:28 ; self time (s): user 2  sys 0  real 4 ; total time (s): user 11002  sys 2397  real 15190 ; memory (MB): curr 366836  prog-peak 378799
  INFO [# 1001] : 'promote_rdc_block_env' statistics on 2/15/2022 at 06:06:28 ; self time (s): user 0  sys 0  real 0 ; total time (s): user 11002  sys 2397  real 15190 ; memory (MB): curr 366834  prog-peak 378799
  INFO [# 1001] : 'read_env' finished on 2/15/2022 at 06:06:28 ; self time (s): user 0  sys 0  real 0 ; total time (s): user 11003  sys 2397  real 15190 ; memory (MB): curr 366836  prog-peak 378799
  INFO [# 1001] : 'read_env' finished on 2/15/2022 at 06:06:29 ; self time (s): user 0  sys 0  real 1 ; total time (s): user 11003  sys 2397  real 15191 ; memory (MB): curr 366836  prog-peak 378799
  INFO [# 1001] : 'read_env' finished on 2/15/2022 at 06:06:29 ; self time (s): user 0  sys 0  real 0 ; total time (s): user 11003  sys 2397  real 15191 ; memory (MB): curr 366836  prog-peak 378799
  INFO [# 1001] : 'read_env' finished on 2/15/2022 at 06:06:29 ; self time (s): user 0  sys 0  real 0 ; total time (s): user 11003  sys 2397  real 15191 ; memory (MB): curr 366836  prog-peak 378799
  INFO [# 1001] : 'read_env' finished on 2/15/2022 at 06:06:29 ; self time (s): user 0  sys 0  real 0 ; total time (s): user 11003  sys 2397  real 15191 ; memory (MB): curr 366837  prog-peak 378799
  INFO [# 1001] : 'read_env' finished on 2/15/2022 at 06:06:29 ; self time (s): user 0  sys 0  real 0 ; total time (s): user 11003  sys 2397  real 15191 ; memory (MB): curr 366837  prog-peak 378799
  INFO [# 1001] : 'read_env' finished on 2/15/2022 at 06:06:29 ; self time (s): user 0  sys 0  real 0 ; total time (s): user 11004  sys 2397  real 15191 ; memory (MB): curr 366837  prog-peak 378799
  INFO [# 1001] : 'read_env' finished on 2/15/2022 at 06:06:30 ; self time (s): user 0  sys 0  real 1 ; total time (s): user 11004  sys 2397  real 15192 ; memory (MB): curr 366837  prog-peak 378799
  INFO [# 1001] : 'read_env' finished on 2/15/2022 at 06:06:30 ; self time (s): user 0  sys 0  real 0 ; total time (s): user 11004  sys 2397  real 15192 ; memory (MB): curr 366837  prog-peak 378799
  INFO [# 1001] : 'read_env' finished on 2/15/2022 at 06:06:30 ; self time (s): user 0  sys 0  real 0 ; total time (s): user 11004  sys 2397  real 15192 ; memory (MB): curr 366837  prog-peak 378799
  INFO [# 1001] : 'read_env' finished on 2/15/2022 at 06:06:30 ; self time (s): user 0  sys 0  real 0 ; total time (s): user 11004  sys 2397  real 15192 ; memory (MB): curr 366837  prog-peak 378799
  INFO [# 1001] : 'read_env' finished on 2/15/2022 at 06:06:30 ; self time (s): user 0  sys 0  real 0 ; total time (s): user 11004  sys 2397  real 15192 ; memory (MB): curr 366837  prog-peak 378799
  INFO [# 1001] : 'read_env' finished on 2/15/2022 at 06:06:31 ; self time (s): user 0  sys 0  real 1 ; total time (s): user 11005  sys 2397  real 15193 ; memory (MB): curr 366837  prog-peak 378799
  INFO [# 1001] : 'promote_rdc_block_env' finished on 2/15/2022 at 06:06:31 ; self time (s): user 2  sys 0  real 3 ; total time (s): user 11005  sys 2397  real 15193 ; memory (MB): curr 366837  prog-peak 378799
  INFO [# 1001] : 'promote_rdc_block_env' statistics on 2/15/2022 at 06:06:31 ; self time (s): user 0  sys 0  real 0 ; total time (s): user 11005  sys 2397  real 15193 ; memory (MB): curr 366835  prog-peak 378799
  INFO [# 1001] : 'read_env' finished on 2/15/2022 at 06:06:31 ; self time (s): user 0  sys 0  real 0 ; total time (s): user 11005  sys 2397  real 15193 ; memory (MB): curr 366837  prog-peak 378799
  INFO [# 1001] : 'read_env' finished on 2/15/2022 at 06:06:31 ; self time (s): user 0  sys 0  real 0 ; total time (s): user 11005  sys 2397  real 15193 ; memory (MB): curr 366838  prog-peak 378799
  INFO [# 1001] : 'promote_rdc_block_env' finished on 2/15/2022 at 06:06:31 ; self time (s): user 0  sys 0  real 0 ; total time (s): user 11005  sys 2397  real 15193 ; memory (MB): curr 366838  prog-peak 378799
  INFO [# 1001] : 'promote_rdc_block_env' statistics on 2/15/2022 at 06:06:31 ; self time (s): user 0  sys 0  real 0 ; total time (s): user 11005  sys 2397  real 15193 ; memory (MB): curr 366836  prog-peak 378799
  INFO [# 1001] : 'read_env' finished on 2/15/2022 at 06:06:31 ; self time (s): user 0  sys 0  real 0 ; total time (s): user 11005  sys 2397  real 15193 ; memory (MB): curr 366837  prog-peak 378799
  INFO [# 1001] : 'read_env' finished on 2/15/2022 at 06:06:31 ; self time (s): user 0  sys 0  real 0 ; total time (s): user 11005  sys 2397  real 15193 ; memory (MB): curr 366838  prog-peak 378799
  INFO [# 1001] : 'promote_rdc_block_env' finished on 2/15/2022 at 06:06:31 ; self time (s): user 0  sys 0  real 0 ; total time (s): user 11005  sys 2397  real 15193 ; memory (MB): curr 366838  prog-peak 378799
  INFO [# 1001] : 'promote_rdc_block_cfg' statistics on 2/15/2022 at 06:06:42 ; self time (s): user 0  sys 0  real 0 ; total time (s): user 11006  sys 2407  real 15204 ; memory (MB): curr 366836  prog-peak 378799
  INFO [# 1001] : 'promote_rdc_block_cfg' finished on 2/15/2022 at 06:06:43 ; self time (s): user 0  sys 0  real 1 ; total time (s): user 11006  sys 2407  real 15205 ; memory (MB): curr 366836  prog-peak 378799
  INFO [# 1001] : 'promote_rdc_block_cfg' statistics on 2/15/2022 at 06:06:54 ; self time (s): user 0  sys 0  real 0 ; total time (s): user 11007  sys 2418  real 15216 ; memory (MB): curr 366837  prog-peak 378799
  INFO [# 1001] : 'promote_rdc_block_cfg' finished on 2/15/2022 at 06:06:54 ; self time (s): user 0  sys 0  real 1 ; total time (s): user 11007  sys 2418  real 15217 ; memory (MB): curr 366837  prog-peak 378799
  INFO [# 1001] : 'promote_rdc_block_cfg' statistics on 2/15/2022 at 06:07:06 ; self time (s): user 0  sys 0  real 1 ; total time (s): user 11007  sys 2428  real 15229 ; memory (MB): curr 366837  prog-peak 378799
  INFO [# 1001] : 'promote_rdc_block_cfg' finished on 2/15/2022 at 06:07:07 ; self time (s): user 0  sys 0  real 3 ; total time (s): user 11007  sys 2428  real 15231 ; memory (MB): curr 366837  prog-peak 378799
  INFO [# 1001] : 'promote_rdc_block_cfg' statistics on 2/15/2022 at 06:07:20 ; self time (s): user 0  sys 0  real 0 ; total time (s): user 11007  sys 2438  real 15242 ; memory (MB): curr 366837  prog-peak 378799
  INFO [# 1001] : 'promote_rdc_block_cfg' finished on 2/15/2022 at 06:07:20 ; self time (s): user 0  sys 0  real 0 ; total time (s): user 11007  sys 2438  real 15242 ; memory (MB): curr 366837  prog-peak 378799
  INFO [# 1001] : 'promote_rdc_block_cfg' statistics on 2/15/2022 at 06:07:32 ; self time (s): user 0  sys 0  real 0 ; total time (s): user 11008  sys 2450  real 15254 ; memory (MB): curr 366838  prog-peak 378799
  INFO [# 1001] : 'promote_rdc_block_cfg' finished on 2/15/2022 at 06:07:32 ; self time (s): user 0  sys 0  real 0 ; total time (s): user 11008  sys 2450  real 15254 ; memory (MB): curr 366838  prog-peak 378799
  INFO [# 1001] : 'promote_rdc_block_cfg' statistics on 2/15/2022 at 06:07:43 ; self time (s): user 0  sys 0  real 0 ; total time (s): user 11008  sys 2460  real 15265 ; memory (MB): curr 366838  prog-peak 378799
  INFO [# 1001] : 'promote_rdc_block_cfg' finished on 2/15/2022 at 06:07:44 ; self time (s): user 0  sys 0  real 1 ; total time (s): user 11008  sys 2460  real 15266 ; memory (MB): curr 366838  prog-peak 378799
  INFO [# 1001] : 'promote_rdc_block_cfg' statistics on 2/15/2022 at 06:07:54 ; self time (s): user 0  sys 0  real 0 ; total time (s): user 11009  sys 2471  real 15276 ; memory (MB): curr 366839  prog-peak 378799
  INFO [# 1001] : 'promote_rdc_block_cfg' finished on 2/15/2022 at 06:07:54 ; self time (s): user 0  sys 0  real 0 ; total time (s): user 11009  sys 2471  real 15276 ; memory (MB): curr 366839  prog-peak 378799
  INFO [# 1001] : 'promote_rdc_block_cfg' statistics on 2/15/2022 at 06:08:06 ; self time (s): user 0  sys 0  real 1 ; total time (s): user 11009  sys 2482  real 15289 ; memory (MB): curr 366839  prog-peak 378799
  INFO [# 1001] : 'promote_rdc_block_cfg' finished on 2/15/2022 at 06:08:07 ; self time (s): user 0  sys 0  real 3 ; total time (s): user 11009  sys 2482  real 15291 ; memory (MB): curr 366839  prog-peak 378799
  INFO [# 1001] : 'promote_rdc_block_cfg' statistics on 2/15/2022 at 06:08:21 ; self time (s): user 0  sys 0  real 0 ; total time (s): user 11009  sys 2493  real 15303 ; memory (MB): curr 366839  prog-peak 378799
  INFO [# 1001] : 'promote_rdc_block_cfg' finished on 2/15/2022 at 06:08:21 ; self time (s): user 0  sys 0  real 0 ; total time (s): user 11009  sys 2493  real 15303 ; memory (MB): curr 366839  prog-peak 378799
  INFO [# 1001] : 'promote_rdc_block_cfg' statistics on 2/15/2022 at 06:08:31 ; self time (s): user 0  sys 0  real 0 ; total time (s): user 11010  sys 2503  real 15313 ; memory (MB): curr 366840  prog-peak 378799
  INFO [# 1001] : 'promote_rdc_block_cfg' finished on 2/15/2022 at 06:08:32 ; self time (s): user 0  sys 0  real 1 ; total time (s): user 11010  sys 2503  real 15314 ; memory (MB): curr 366840  prog-peak 378799
  INFO [# 1001] : 'promote_rdc_block_cfg' statistics on 2/15/2022 at 06:08:42 ; self time (s): user 0  sys 0  real 1 ; total time (s): user 11010  sys 2513  real 15325 ; memory (MB): curr 366840  prog-peak 378799
  INFO [# 1001] : 'promote_rdc_block_cfg' finished on 2/15/2022 at 06:08:44 ; self time (s): user 0  sys 0  real 3 ; total time (s): user 11010  sys 2513  real 15327 ; memory (MB): curr 366840  prog-peak 378799
  INFO [# 1001] : 'promote_rdc_block_cfg' statistics on 2/15/2022 at 06:08:57 ; self time (s): user 0  sys 0  real 2 ; total time (s): user 11010  sys 2523  real 15341 ; memory (MB): curr 366840  prog-peak 378799
  INFO [# 1001] : 'promote_rdc_block_cfg' finished on 2/15/2022 at 06:09:00 ; self time (s): user 0  sys 0  real 3 ; total time (s): user 11011  sys 2523  real 15342 ; memory (MB): curr 366841  prog-peak 378799
  INFO [# 1001] : 'promote_rdc_block_cfg' statistics on 2/15/2022 at 06:09:11 ; self time (s): user 0  sys 0  real 0 ; total time (s): user 11011  sys 2534  real 15353 ; memory (MB): curr 366841  prog-peak 378799
  INFO [# 1001] : 'promote_rdc_block_cfg' finished on 2/15/2022 at 06:09:11 ; self time (s): user 0  sys 0  real 0 ; total time (s): user 11011  sys 2534  real 15353 ; memory (MB): curr 366841  prog-peak 378799
  INFO [# 1001] : 'promote_rdc_block_cfg' statistics on 2/15/2022 at 06:09:21 ; self time (s): user 0  sys 0  real 3 ; total time (s): user 11011  sys 2544  real 15366 ; memory (MB): curr 366841  prog-peak 378799
  INFO [# 1001] : 'promote_rdc_block_cfg' finished on 2/15/2022 at 06:09:24 ; self time (s): user 0  sys 0  real 3 ; total time (s): user 11011  sys 2544  real 15366 ; memory (MB): curr 366841  prog-peak 378799
  INFO [# 1001] : 'promote_rdc_block_cfg' statistics on 2/15/2022 at 06:09:36 ; self time (s): user 0  sys 0  real 0 ; total time (s): user 11011  sys 2555  real 15378 ; memory (MB): curr 366842  prog-peak 378799
  INFO [# 1001] : 'promote_rdc_block_cfg' finished on 2/15/2022 at 06:09:37 ; self time (s): user 0  sys 0  real 1 ; total time (s): user 11012  sys 2555  real 15379 ; memory (MB): curr 366842  prog-peak 378799
  INFO [# 1001] : 'promote_rdc_block_cfg' statistics on 2/15/2022 at 06:09:48 ; self time (s): user 0  sys 0  real 0 ; total time (s): user 11012  sys 2566  real 15390 ; memory (MB): curr 366842  prog-peak 378799
  INFO [# 1001] : 'promote_rdc_block_cfg' finished on 2/15/2022 at 06:09:49 ; self time (s): user 0  sys 0  real 1 ; total time (s): user 11012  sys 2566  real 15391 ; memory (MB): curr 366843  prog-peak 378799
  INFO [# 1001] : 'promote_rdc_block_cfg' statistics on 2/15/2022 at 06:09:59 ; self time (s): user 0  sys 0  real 1 ; total time (s): user 11013  sys 2576  real 15402 ; memory (MB): curr 366843  prog-peak 378799
  INFO [# 1001] : 'promote_rdc_block_cfg' finished on 2/15/2022 at 06:10:00 ; self time (s): user 0  sys 0  real 5 ; total time (s): user 11013  sys 2576  real 15406 ; memory (MB): curr 366843  prog-peak 378799
  INFO [# 1001] : 'promote_rdc_block_cfg' statistics on 2/15/2022 at 06:10:14 ; self time (s): user 0  sys 0  real 0 ; total time (s): user 11013  sys 2585  real 15416 ; memory (MB): curr 366843  prog-peak 378799
  INFO [# 1001] : 'promote_rdc_block_cfg' finished on 2/15/2022 at 06:10:14 ; self time (s): user 0  sys 0  real 0 ; total time (s): user 11013  sys 2585  real 15416 ; memory (MB): curr 366843  prog-peak 378799
  INFO [# 1001] : 'promote_rdc_block_cfg' statistics on 2/15/2022 at 06:10:24 ; self time (s): user 0  sys 0  real 0 ; total time (s): user 11013  sys 2595  real 15426 ; memory (MB): curr 366843  prog-peak 378799
  INFO [# 1001] : 'promote_rdc_block_cfg' finished on 2/15/2022 at 06:10:24 ; self time (s): user 0  sys 0  real 0 ; total time (s): user 11013  sys 2595  real 15426 ; memory (MB): curr 366843  prog-peak 378799
  INFO [# 1001] : 'promote_rdc_block_cfg' statistics on 2/15/2022 at 06:10:35 ; self time (s): user 0  sys 0  real 1 ; total time (s): user 11013  sys 2606  real 15438 ; memory (MB): curr 366843  prog-peak 378799
  INFO [# 1001] : 'promote_rdc_block_cfg' finished on 2/15/2022 at 06:10:36 ; self time (s): user 0  sys 0  real 3 ; total time (s): user 11014  sys 2606  real 15440 ; memory (MB): curr 366843  prog-peak 378799
  INFO [# 1001] : 'promote_rdc_block_cfg' statistics on 2/15/2022 at 06:10:50 ; self time (s): user 0  sys 0  real 0 ; total time (s): user 11014  sys 2617  real 15452 ; memory (MB): curr 366843  prog-peak 378799
  INFO [# 1001] : 'promote_rdc_block_cfg' finished on 2/15/2022 at 06:10:50 ; self time (s): user 0  sys 0  real 0 ; total time (s): user 11014  sys 2617  real 15452 ; memory (MB): curr 366843  prog-peak 378799
  INFO [# 1001] : 'promote_rdc_block_cfg' statistics on 2/15/2022 at 06:11:02 ; self time (s): user 0  sys 0  real 0 ; total time (s): user 11014  sys 2629  real 15464 ; memory (MB): curr 366843  prog-peak 378799
  INFO [# 1001] : 'promote_rdc_block_cfg' finished on 2/15/2022 at 06:11:03 ; self time (s): user 0  sys 0  real 1 ; total time (s): user 11014  sys 2629  real 15465 ; memory (MB): curr 366843  prog-peak 378799
  INFO [# 1001] : 'promote_rdc_block_cfg' statistics on 2/15/2022 at 06:11:12 ; self time (s): user 0  sys 0  real 2 ; total time (s): user 11015  sys 2638  real 15476 ; memory (MB): curr 366843  prog-peak 378799
  INFO [# 1001] : 'promote_rdc_block_cfg' finished on 2/15/2022 at 06:11:14 ; self time (s): user 0  sys 0  real 4 ; total time (s): user 11015  sys 2638  real 15478 ; memory (MB): curr 366843  prog-peak 378799
  INFO [# 1001] : 'promote_rdc_block_cfg' statistics on 2/15/2022 at 06:11:26 ; self time (s): user 0  sys 0  real 2 ; total time (s): user 11015  sys 2648  real 15490 ; memory (MB): curr 366844  prog-peak 378799
  INFO [# 1001] : 'promote_rdc_block_cfg' finished on 2/15/2022 at 06:11:28 ; self time (s): user 0  sys 0  real 3 ; total time (s): user 11015  sys 2648  real 15491 ; memory (MB): curr 366844  prog-peak 378799
  INFO [# 1001] : 'promote_rdc_block_cfg' statistics on 2/15/2022 at 06:11:40 ; self time (s): user 0  sys 0  real 1 ; total time (s): user 11016  sys 2658  real 15503 ; memory (MB): curr 366844  prog-peak 378799
  INFO [# 1001] : 'promote_rdc_block_cfg' finished on 2/15/2022 at 06:11:41 ; self time (s): user 0  sys 0  real 3 ; total time (s): user 11016  sys 2658  real 15505 ; memory (MB): curr 366844  prog-peak 378799
  INFO [# 1001] : 'promote_rdc_block_cfg' statistics on 2/15/2022 at 06:11:53 ; self time (s): user 0  sys 0  real 1 ; total time (s): user 11016  sys 2668  real 15516 ; memory (MB): curr 366844  prog-peak 378799
  INFO [# 1001] : 'promote_rdc_block_cfg' finished on 2/15/2022 at 06:11:54 ; self time (s): user 0  sys 0  real 5 ; total time (s): user 11016  sys 2668  real 15520 ; memory (MB): curr 366844  prog-peak 378799
  INFO [# 1001] : 'promote_rdc_block_cfg' statistics on 2/15/2022 at 06:12:08 ; self time (s): user 0  sys 0  real 0 ; total time (s): user 11016  sys 2678  real 15530 ; memory (MB): curr 366844  prog-peak 378799
  INFO [# 1001] : 'promote_rdc_block_cfg' finished on 2/15/2022 at 06:12:08 ; self time (s): user 0  sys 0  real 0 ; total time (s): user 11016  sys 2678  real 15530 ; memory (MB): curr 366844  prog-peak 378799
  INFO [# 1001] : 'promote_rdc_block_cfg' statistics on 2/15/2022 at 06:12:18 ; self time (s): user 0  sys 0  real 0 ; total time (s): user 11017  sys 2687  real 15540 ; memory (MB): curr 366844  prog-peak 378799
  INFO [# 1001] : 'promote_rdc_block_cfg' finished on 2/15/2022 at 06:12:18 ; self time (s): user 0  sys 0  real 0 ; total time (s): user 11017  sys 2687  real 15540 ; memory (MB): curr 366844  prog-peak 378799
  INFO [# 1001] : 'promote_rdc_block_cfg' statistics on 2/15/2022 at 06:12:29 ; self time (s): user 0  sys 0  real 1 ; total time (s): user 11017  sys 2697  real 15552 ; memory (MB): curr 366844  prog-peak 378799
  INFO [# 1001] : 'promote_rdc_block_cfg' finished on 2/15/2022 at 06:12:30 ; self time (s): user 0  sys 0  real 3 ; total time (s): user 11017  sys 2697  real 15554 ; memory (MB): curr 366844  prog-peak 378799
  INFO [# 1001] : 'promote_rdc_block_cfg' statistics on 2/15/2022 at 06:12:44 ; self time (s): user 0  sys 0  real 2 ; total time (s): user 11018  sys 2708  real 15568 ; memory (MB): curr 366844  prog-peak 378799
  INFO [# 1001] : 'promote_rdc_block_cfg' finished on 2/15/2022 at 06:12:46 ; self time (s): user 0  sys 0  real 2 ; total time (s): user 11018  sys 2708  real 15568 ; memory (MB): curr 366844  prog-peak 378799
  INFO [# 1001] : 'promote_rdc_block_cfg' statistics on 2/15/2022 at 06:12:56 ; self time (s): user 0  sys 0  real 1 ; total time (s): user 11018  sys 2718  real 15579 ; memory (MB): curr 366844  prog-peak 378799
  INFO [# 1001] : 'promote_rdc_block_cfg' finished on 2/15/2022 at 06:12:57 ; self time (s): user 0  sys 0  real 3 ; total time (s): user 11018  sys 2718  real 15581 ; memory (MB): curr 366844  prog-peak 378799
  INFO [# 1001] : 'promote_rdc_block_cfg' statistics on 2/15/2022 at 06:13:10 ; self time (s): user 0  sys 0  real 0 ; total time (s): user 11018  sys 2728  real 15592 ; memory (MB): curr 366844  prog-peak 378799
  INFO [# 1001] : 'promote_rdc_block_cfg' finished on 2/15/2022 at 06:13:10 ; self time (s): user 0  sys 0  real 0 ; total time (s): user 11018  sys 2728  real 15592 ; memory (MB): curr 366844  prog-peak 378799
  INFO [# 1001] : 'promote_rdc_block_cfg' statistics on 2/15/2022 at 06:13:19 ; self time (s): user 0  sys 0  real 0 ; total time (s): user 11019  sys 2736  real 15601 ; memory (MB): curr 366844  prog-peak 378799
  INFO [# 1001] : 'promote_rdc_block_cfg' finished on 2/15/2022 at 06:13:19 ; self time (s): user 0  sys 0  real 0 ; total time (s): user 11019  sys 2736  real 15601 ; memory (MB): curr 366844  prog-peak 378799
  INFO [# 1001] : 'promote_rdc_block_cfg' statistics on 2/15/2022 at 06:13:29 ; self time (s): user 0  sys 0  real 1 ; total time (s): user 11019  sys 2746  real 15612 ; memory (MB): curr 366844  prog-peak 378799
  INFO [# 1001] : 'promote_rdc_block_cfg' finished on 2/15/2022 at 06:13:30 ; self time (s): user 0  sys 0  real 3 ; total time (s): user 11019  sys 2746  real 15614 ; memory (MB): curr 366844  prog-peak 378799
  INFO [# 1001] : 'promote_rdc_block_cfg' statistics on 2/15/2022 at 06:13:43 ; self time (s): user 0  sys 0  real 2 ; total time (s): user 11019  sys 2756  real 15627 ; memory (MB): curr 366844  prog-peak 378799
  INFO [# 1001] : 'promote_rdc_block_cfg' finished on 2/15/2022 at 06:13:46 ; self time (s): user 0  sys 0  real 3 ; total time (s): user 11019  sys 2756  real 15628 ; memory (MB): curr 366844  prog-peak 378799
  INFO [# 1001] : 'promote_rdc_block_cfg' statistics on 2/15/2022 at 06:13:56 ; self time (s): user 0  sys 0  real 1 ; total time (s): user 11020  sys 2766  real 15639 ; memory (MB): curr 366844  prog-peak 378799
  INFO [# 1001] : 'promote_rdc_block_cfg' finished on 2/15/2022 at 06:13:58 ; self time (s): user 0  sys 0  real 6 ; total time (s): user 11020  sys 2766  real 15644 ; memory (MB): curr 366845  prog-peak 378799
  INFO [# 1001] : 'promote_rdc_block_cfg' statistics on 2/15/2022 at 06:14:12 ; self time (s): user 0  sys 0  real 0 ; total time (s): user 11020  sys 2775  real 15654 ; memory (MB): curr 366845  prog-peak 378799
  INFO [# 1001] : 'promote_rdc_block_cfg' finished on 2/15/2022 at 06:14:12 ; self time (s): user 0  sys 0  real 0 ; total time (s): user 11020  sys 2775  real 15654 ; memory (MB): curr 366845  prog-peak 378799
  INFO [# 1001] : 'promote_rdc_block_cfg' statistics on 2/15/2022 at 06:14:23 ; self time (s): user 0  sys 0  real 0 ; total time (s): user 11020  sys 2786  real 15665 ; memory (MB): curr 366845  prog-peak 378799
  INFO [# 1001] : 'promote_rdc_block_cfg' finished on 2/15/2022 at 06:14:23 ; self time (s): user 0  sys 0  real 0 ; total time (s): user 11020  sys 2786  real 15665 ; memory (MB): curr 366845  prog-peak 378799
  INFO [# 1001] : 'promote_rdc_block_cfg' statistics on 2/15/2022 at 06:14:23 ; self time (s): user 0  sys 0  real 0 ; total time (s): user 11020  sys 2786  real 15665 ; memory (MB): curr 366845  prog-peak 378799
  INFO [# 1001] : 'promote_rdc_block_cfg' finished on 2/15/2022 at 06:14:23 ; self time (s): user 0  sys 0  real 0 ; total time (s): user 11021  sys 2786  real 15665 ; memory (MB): curr 366845  prog-peak 378799
  INFO [# 1001] : 'promote_rdc_block_cfg' statistics on 2/15/2022 at 06:14:23 ; self time (s): user 0  sys 0  real 0 ; total time (s): user 11021  sys 2786  real 15665 ; memory (MB): curr 366845  prog-peak 378799
  INFO [# 1001] : 'promote_rdc_block_cfg' finished on 2/15/2022 at 06:14:23 ; self time (s): user 0  sys 0  real 0 ; total time (s): user 11021  sys 2786  real 15665 ; memory (MB): curr 366845  prog-peak 378799
  INFO [# 1001] : 'promote_rdc_block_cfg' statistics on 2/15/2022 at 06:14:23 ; self time (s): user 0  sys 0  real 0 ; total time (s): user 11021  sys 2786  real 15665 ; memory (MB): curr 366845  prog-peak 378799
  INFO [# 1001] : 'promote_rdc_block_cfg' finished on 2/15/2022 at 06:14:23 ; self time (s): user 0  sys 0  real 0 ; total time (s): user 11021  sys 2786  real 15665 ; memory (MB): curr 366845  prog-peak 378799
  INFO [# 1001] : 'promote_rdc_block_cfg' statistics on 2/15/2022 at 06:14:23 ; self time (s): user 0  sys 0  real 0 ; total time (s): user 11021  sys 2786  real 15665 ; memory (MB): curr 366845  prog-peak 378799
  INFO [# 1001] : 'promote_rdc_block_cfg' finished on 2/15/2022 at 06:14:23 ; self time (s): user 0  sys 0  real 0 ; total time (s): user 11021  sys 2786  real 15665 ; memory (MB): curr 366845  prog-peak 378799
  INFO [# 1001] : 'promote_rdc_block_cfg' statistics on 2/15/2022 at 06:14:23 ; self time (s): user 0  sys 0  real 0 ; total time (s): user 11021  sys 2786  real 15665 ; memory (MB): curr 366845  prog-peak 378799
  INFO [# 1001] : 'promote_rdc_block_cfg' finished on 2/15/2022 at 06:14:23 ; self time (s): user 0  sys 0  real 0 ; total time (s): user 11021  sys 2786  real 15665 ; memory (MB): curr 366845  prog-peak 378799
  INFO [# 1001] : 'analyze_intent' stats after initialization on 2/15/2022 at 06:43:57 ; self time (s): user 0  sys 0  real 0 ; total time (s): user 12534  sys 3028  real 17439 ; memory (MB): curr 366915  prog-peak 378799
  INFO [# 1001] : I_BLACK_BOX finished on 2/15/2022 at 07:56:54 ; self time (s): user 4  sys 2  real 6 ; total time (s): user 16358  sys 3259  real 21816 ; memory (MB): curr 401851  prog-peak 401851
  INFO [# 1001] : I_CLK_GROUPS finished on 2/15/2022 at 07:56:54 ; self time (s): user 0  sys 0  real 0 ; total time (s): user 16358  sys 3259  real 21816 ; memory (MB): curr 401854  prog-peak 401854
  INFO [# 1001] : I_RST_SIGNAL finished on 2/15/2022 at 07:56:55 ; self time (s): user 1  sys 0  real 1 ; total time (s): user 16359  sys 3259  real 21817 ; memory (MB): curr 401862  prog-peak 401865
  INFO [# 1001] : W_CLOCK_THROUGH_MULT_PD finished on 2/15/2022 at 07:56:55 ; self time (s): user 0  sys 0  real 0 ; total time (s): user 16359  sys 3259  real 21817 ; memory (MB): curr 401862  prog-peak 401865
  INFO [# 1001] : S_HENV_TYPE_CONFLICT finished on 2/15/2022 at 07:56:56 ; self time (s): user 0  sys 1  real 1 ; total time (s): user 16359  sys 3260  real 21818 ; memory (MB): curr 401863  prog-peak 402767
  INFO [# 1001] : S_HENV_ATTR_CONFLICT finished on 2/15/2022 at 07:56:56 ; self time (s): user 0  sys 1  real 0 ; total time (s): user 16359  sys 3260  real 21818 ; memory (MB): curr 401863  prog-peak 402768
  INFO [# 1001] : S_HENV_WAVE_CONFLICT finished on 2/15/2022 at 07:57:06 ; self time (s): user 4  sys 1  real 10 ; total time (s): user 16363  sys 3261  real 21828 ; memory (MB): curr 401936  prog-peak 402839
  INFO [# 1001] : S_HENV_PORT_CONFLICT finished on 2/15/2022 at 07:57:06 ; self time (s): user 0  sys 0  real 0 ; total time (s): user 16363  sys 3261  real 21828 ; memory (MB): curr 401868  prog-peak 402839
  INFO [# 1001] : S_HENV_MISSING_SPEC finished on 2/15/2022 at 07:57:07 ; self time (s): user 0  sys 1  real 1 ; total time (s): user 16363  sys 3262  real 21829 ; memory (MB): curr 401870  prog-peak 402839
